This file contains any messages produced by compilers while
running configure, to aid debugging if configure makes a mistake.

It was created by hsl_ma97 configure 2.3.0, which was
generated by GNU Autoconf 2.69.  Invocation command line was

  $ ./configure --prefix=$Userscmason01DocumentsGitHubGRWorkspacehsl_ma97-2.3.0 VAR=CC

## --------- ##
## Platform. ##
## --------- ##

hostname = SOE-T2319-CM
uname -m = x86_64
uname -r = 1.7.29(0.272/5/3)
uname -s = CYGWIN_NT-6.1
uname -v = 2014-04-07 13:46

/usr/bin/uname -p = unknown
/bin/uname -X     = unknown

/bin/arch              = x86_64
/usr/bin/arch -k       = unknown
/usr/convex/getsysinfo = unknown
/usr/bin/hostinfo      = unknown
/bin/machine           = unknown
/usr/bin/oslevel       = unknown
/bin/universe          = unknown

PATH: /usr/local/bin
PATH: /usr/bin
PATH: /cygdrive/c/Windows/system32
PATH: /cygdrive/c/Windows
PATH: /cygdrive/c/Windows/System32/Wbem
PATH: /cygdrive/c/Windows/System32/WindowsPowerShell/v1.0
PATH: /cygdrive/c/Program Files (x86)/ATI Technologies/ATI.ACE/Core-Static
PATH: /cygdrive/c/Program Files (x86)/Microsoft SQL Server/100/Tools/Binn
PATH: /cygdrive/c/Program Files/Microsoft SQL Server/100/Tools/Binn
PATH: /cygdrive/c/Program Files/Microsoft SQL Server/100/DTS/Binn
PATH: /cygdrive/c/Program Files (x86)/git-cola/bin
PATH: /cygdrive/d/LINGO64_13
PATH: /cygdrive/c/Program Files (x86)/MiKTeX 2.9/miktex/bin
PATH: /cygdrive/c/Program Files/MATLAB/R2012a/runtime/win64
PATH: /cygdrive/c/Program Files/MATLAB/R2012a/bin
PATH: /cygdrive/c/Program Files (x86)/Microsoft SQL Server/110/Tools/Binn
PATH: /cygdrive/c/Program Files/Microsoft SQL Server/110/Tools/Binn
PATH: /cygdrive/c/Program Files/Microsoft SQL Server/110/DTS/Binn
PATH: /cygdrive/c/Program Files (x86)/Microsoft SQL Server/110/Tools/Binn/ManagementStudio
PATH: /cygdrive/c/Program Files (x86)/Microsoft Visual Studio 10.0/Common7/IDE/PrivateAssemblies
PATH: /cygdrive/c/Program Files (x86)/Microsoft SQL Server/110/DTS/Binn
PATH: /cygdrive/c/users/cmason01/appdata/local/enthought/canopy/user/scripts
PATH: /cygdrive/c/Users/cmason01/AppData/Local/Enthought/Canopy/User
PATH: /cygdrive/c/Users/cmason01/AppData/Local/Enthought/Canopy/User/Scripts
PATH: /cygdrive/c/MinGW/bin


## ----------- ##
## Core tests. ##
## ----------- ##

configure:2063: checking for a BSD-compatible install
configure:2131: result: /usr/bin/install -c
configure:2142: checking whether build environment is sane
configure:2192: result: yes
configure:2333: checking for a thread-safe mkdir -p
configure:2372: result: /usr/bin/mkdir -p
configure:2385: checking for gawk
configure:2401: found /usr/bin/gawk
configure:2412: result: gawk
configure:2423: checking whether make sets $(MAKE)
configure:2445: result: yes
configure:2580: checking for g77
configure:2610: result: no
configure:2580: checking for xlf
configure:2610: result: no
configure:2580: checking for f77
configure:2610: result: no
configure:2580: checking for frt
configure:2610: result: no
configure:2580: checking for pgf77
configure:2610: result: no
configure:2580: checking for cf77
configure:2610: result: no
configure:2580: checking for fort77
configure:2610: result: no
configure:2580: checking for fl32
configure:2610: result: no
configure:2580: checking for af77
configure:2610: result: no
configure:2580: checking for xlf90
configure:2610: result: no
configure:2580: checking for f90
configure:2610: result: no
configure:2580: checking for pgf90
configure:2610: result: no
configure:2580: checking for pghpf
configure:2610: result: no
configure:2580: checking for epcf90
configure:2610: result: no
configure:2580: checking for gfortran
configure:2596: found /cygdrive/c/MinGW/bin/gfortran
configure:2607: result: gfortran
configure:2633: checking for Fortran 77 compiler version
configure:2642: gfortran --version >&5
GNU Fortran (GCC) 4.6.1
Copyright (C) 2011 Free Software Foundation, Inc.

GNU Fortran comes with NO WARRANTY, to the extent permitted by law.
You may redistribute copies of GNU Fortran
under the terms of the GNU General Public License.
For more information about these matters, see the file named COPYING

configure:2653: $? = 0
configure:2642: gfortran -v >&5
Using built-in specs.
COLLECT_GCC=C:\MinGW\bin\gfortran.exe
COLLECT_LTO_WRAPPER=c:/mingw/bin/../libexec/gcc/mingw32/4.6.1/lto-wrapper.exe
Target: mingw32
Configured with: ../gcc-4.6.1/configure --enable-languages=c,c++,fortran,objc,obj-c++ --disable-sjlj-exceptions --with-dwarf2 --enable-shared --enable-libgomp --disable-win32-registry --enable-libstdcxx-debug --enable-version-specific-runtime-libs --build=mingw32 --prefix=/mingw
Thread model: win32
gcc version 4.6.1 (GCC) 
configure:2653: $? = 0
configure:2642: gfortran -V >&5
gfortran.exe: error: unrecognized option '-V'
gfortran.exe: fatal error: no input files
compilation terminated.
configure:2653: $? = 1
configure:2642: gfortran -qversion >&5
gfortran.exe: error: unrecognized option '-qversion'
gfortran.exe: fatal error: no input files
compilation terminated.
configure:2653: $? = 1
configure:2668: checking whether the Fortran 77 compiler works
configure:2690: gfortran   conftest.f  >&5
configure:2694: $? = 0
configure:2742: result: yes
configure:2745: checking for Fortran 77 compiler default output file name
configure:2747: result: a.exe
configure:2753: checking for suffix of executables
configure:2760: gfortran -o conftest.exe   conftest.f  >&5
configure:2764: $? = 0
configure:2786: result: .exe
configure:2802: checking whether we are cross compiling
configure:2810: gfortran -o conftest.exe   conftest.f  >&5
configure:2814: $? = 0
configure:2821: ./conftest.exe
configure:2825: $? = 0
configure:2840: result: no
configure:2845: checking for suffix of object files
configure:2861: gfortran -c  conftest.f >&5
configure:2865: $? = 0
configure:2886: result: o
configure:2894: checking whether we are using the GNU Fortran 77 compiler
configure:2907: gfortran -c  conftest.F >&5
configure:2907: $? = 0
configure:2916: result: yes
configure:2922: checking whether gfortran accepts -g
configure:2933: gfortran -c -g conftest.f >&5
configure:2933: $? = 0
configure:2941: result: yes
configure:3023: checking for gfortran
configure:3039: found /cygdrive/c/MinGW/bin/gfortran
configure:3050: result: gfortran
configure:3076: checking for Fortran compiler version
configure:3085: gfortran --version >&5
GNU Fortran (GCC) 4.6.1
Copyright (C) 2011 Free Software Foundation, Inc.

GNU Fortran comes with NO WARRANTY, to the extent permitted by law.
You may redistribute copies of GNU Fortran
under the terms of the GNU General Public License.
For more information about these matters, see the file named COPYING

configure:3096: $? = 0
configure:3085: gfortran -v >&5
Using built-in specs.
COLLECT_GCC=C:\MinGW\bin\gfortran.exe
COLLECT_LTO_WRAPPER=c:/mingw/bin/../libexec/gcc/mingw32/4.6.1/lto-wrapper.exe
Target: mingw32
Configured with: ../gcc-4.6.1/configure --enable-languages=c,c++,fortran,objc,obj-c++ --disable-sjlj-exceptions --with-dwarf2 --enable-shared --enable-libgomp --disable-win32-registry --enable-libstdcxx-debug --enable-version-specific-runtime-libs --build=mingw32 --prefix=/mingw
Thread model: win32
gcc version 4.6.1 (GCC) 
configure:3096: $? = 0
configure:3085: gfortran -V >&5
gfortran.exe: error: unrecognized option '-V'
gfortran.exe: fatal error: no input files
compilation terminated.
configure:3096: $? = 1
configure:3085: gfortran -qversion >&5
gfortran.exe: error: unrecognized option '-qversion'
gfortran.exe: fatal error: no input files
compilation terminated.
configure:3096: $? = 1
configure:3105: checking whether we are using the GNU Fortran compiler
configure:3118: gfortran -c   conftest.F >&5
configure:3118: $? = 0
configure:3127: result: yes
configure:3133: checking whether gfortran accepts -g
configure:3144: gfortran -c -g  conftest.f >&5
configure:3144: $? = 0
configure:3152: result: yes
configure:3229: checking for gcc
configure:3245: found /usr/bin/gcc
configure:3256: result: gcc
configure:3485: checking for C compiler version
configure:3494: gcc --version >&5
gcc (GCC) 4.8.2
Copyright (C) 2013 Free Software Foundation, Inc.
This is free software; see the source for copying conditions.  There is NO
warranty; not even for MERCHANTABILITY or FITNESS FOR A PARTICULAR PURPOSE.

configure:3505: $? = 0
configure:3494: gcc -v >&5
Using built-in specs.
COLLECT_GCC=gcc
COLLECT_LTO_WRAPPER=/usr/lib/gcc/x86_64-pc-cygwin/4.8.2/lto-wrapper.exe
Target: x86_64-pc-cygwin
Configured with: /cygdrive/i/szsz/tmpp/cygwin64/gcc/gcc-4.8.2-3/src/gcc-4.8.2/configure --srcdir=/cygdrive/i/szsz/tmpp/cygwin64/gcc/gcc-4.8.2-3/src/gcc-4.8.2 --prefix=/usr --exec-prefix=/usr --bindir=/usr/bin --sbindir=/usr/sbin --libexecdir=/usr/libexec --datadir=/usr/share --localstatedir=/var --sysconfdir=/etc --libdir=/usr/lib --datarootdir=/usr/share --docdir=/usr/share/doc/gcc --htmldir=/usr/share/doc/gcc/html -C --build=x86_64-pc-cygwin --host=x86_64-pc-cygwin --target=x86_64-pc-cygwin --without-libiconv-prefix --without-libintl-prefix --enable-shared --enable-shared-libgcc --enable-static --enable-version-specific-runtime-libs --enable-bootstrap --disable-__cxa_atexit --with-dwarf2 --with-tune=generic --enable-languages=ada,c,c++,fortran,lto,objc,obj-c++ --enable-graphite --enable-threads=posix --enable-libatomic --enable-libgomp --disable-libitm --enable-libquadmath --enable-libquadmath-support --enable-libssp --enable-libada --enable-libgcj-sublibs --disable-java-awt --disable-symvers --with-ecj-jar=/usr/share/java/ecj.jar --with-gnu-ld --with-gnu-as --with-cloog-include=/usr/include/cloog-isl --without-libiconv-prefix --without-libintl-prefix --with-system-zlib --libexecdir=/usr/lib
Thread model: posix
gcc version 4.8.2 (GCC) 
configure:3505: $? = 0
configure:3494: gcc -V >&5
gcc: error: unrecognized command line option '-V'
gcc: fatal error: no input files
compilation terminated.
configure:3505: $? = 1
configure:3494: gcc -qversion >&5
gcc: error: unrecognized command line option '-qversion'
gcc: fatal error: no input files
compilation terminated.
configure:3505: $? = 1
configure:3509: checking whether we are using the GNU C compiler
configure:3528: gcc -c   conftest.c >&5
configure:3528: $? = 0
configure:3537: result: yes
configure:3546: checking whether gcc accepts -g
configure:3566: gcc -c -g  conftest.c >&5
configure:3566: $? = 0
configure:3607: result: yes
configure:3624: checking for gcc option to accept ISO C89
configure:3687: gcc  -c -g -O2  conftest.c >&5
configure:3687: $? = 0
configure:3700: result: none needed
configure:3731: checking for style of include used by make
configure:3759: result: GNU
configure:3785: checking dependency style of gcc
configure:3896: result: gcc3
configure:3954: checking for ranlib
configure:3970: found /usr/bin/ranlib
configure:3981: result: ranlib
configure:4009: checking build system type
configure:4023: result: x86_64-unknown-cygwin
configure:4043: checking host system type
configure:4056: result: x86_64-unknown-cygwin
configure:4081: checking how to get verbose linking output from gfortran
configure:4091: gfortran -c -g -O2  conftest.f >&5
configure:4091: $? = 0
configure:4109: gfortran -o conftest.exe -g -O2 -v conftest.f
Using built-in specs.
Target: mingw32
Thread model: win32
gcc version 4.6.1 (GCC) 
 c:/mingw/bin/../libexec/gcc/mingw32/4.6.1/f951.exe conftest.f -ffixed-form -quiet -dumpbase conftest.f -mtune=i386 -march=i386 -auxbase conftest -g -O2 -version -fintrinsic-modules-path c:/mingw/bin/../lib/gcc/mingw32/4.6.1/finclude -o C:\cygwin64\tmp\ccwVNTfv.s
GNU Fortran (GCC) version 4.6.1 (mingw32)
	compiled by GNU C version 4.6.1, GMP version 5.0.1, MPFR version 2.4.1, MPC version 0.8.1
GGC heuristics: --param ggc-min-expand=100 --param ggc-min-heapsize=131072
GNU Fortran (GCC) version 4.6.1 (mingw32)
	compiled by GNU C version 4.6.1, GMP version 5.0.1, MPFR version 2.4.1, MPC version 0.8.1
GGC heuristics: --param ggc-min-expand=100 --param ggc-min-heapsize=131072
 c:/mingw/bin/../lib/gcc/mingw32/4.6.1/../../../../mingw32/bin/as.exe -o C:\cygwin64\tmp\ccaIRAQO.o C:\cygwin64\tmp\ccwVNTfv.s
Reading specs from c:/mingw/bin/../lib/gcc/mingw32/4.6.1/libgfortran.spec
rename spec lib to liborig
 c:/mingw/bin/../libexec/gcc/mingw32/4.6.1/collect2.exe -Bdynamic -u ___register_frame_info -u ___deregister_frame_info -o conftest.exe c:/mingw/bin/../lib/gcc/mingw32/4.6.1/../../../crt2.o c:/mingw/bin/../lib/gcc/mingw32/4.6.1/crtbegin.o -Lc:/mingw/bin/../lib/gcc/mingw32/4.6.1 -Lc:/mingw/bin/../lib/gcc -Lc:/mingw/bin/../lib/gcc/mingw32/4.6.1/../../../../mingw32/lib -Lc:/mingw/bin/../lib/gcc/mingw32/4.6.1/../../.. -L/mingw/lib C:\cygwin64\tmp\ccaIRAQO.o -lgfortran -lmingw32 -lgcc_s -lgcc -lmoldname -lmingwex -lmsvcrt -lquadmath -lm -lmingw32 -lgcc_s -lgcc -lmoldname -lmingwex -lmsvcrt -ladvapi32 -lshell32 -luser32 -lkernel32 -lmingw32 -lgcc_s -lgcc -lmoldname -lmingwex -lmsvcrt c:/mingw/bin/../lib/gcc/mingw32/4.6.1/crtend.o
configure:4192: result: -v
configure:4194: checking for Fortran libraries of gfortran
configure:4217: gfortran -o conftest.exe -g -O2 -v conftest.f
Using built-in specs.
Target: mingw32
Thread model: win32
gcc version 4.6.1 (GCC) 
 c:/mingw/bin/../libexec/gcc/mingw32/4.6.1/f951.exe conftest.f -ffixed-form -quiet -dumpbase conftest.f -mtune=i386 -march=i386 -auxbase conftest -g -O2 -version -fintrinsic-modules-path c:/mingw/bin/../lib/gcc/mingw32/4.6.1/finclude -o C:\cygwin64\tmp\ccEV756K.s
GNU Fortran (GCC) version 4.6.1 (mingw32)
	compiled by GNU C version 4.6.1, GMP version 5.0.1, MPFR version 2.4.1, MPC version 0.8.1
GGC heuristics: --param ggc-min-expand=100 --param ggc-min-heapsize=131072
GNU Fortran (GCC) version 4.6.1 (mingw32)
	compiled by GNU C version 4.6.1, GMP version 5.0.1, MPFR version 2.4.1, MPC version 0.8.1
GGC heuristics: --param ggc-min-expand=100 --param ggc-min-heapsize=131072
 c:/mingw/bin/../lib/gcc/mingw32/4.6.1/../../../../mingw32/bin/as.exe -o C:\cygwin64\tmp\cc2hotio.o C:\cygwin64\tmp\ccEV756K.s
Reading specs from c:/mingw/bin/../lib/gcc/mingw32/4.6.1/libgfortran.spec
rename spec lib to liborig
 c:/mingw/bin/../libexec/gcc/mingw32/4.6.1/collect2.exe -Bdynamic -u ___register_frame_info -u ___deregister_frame_info -o conftest.exe c:/mingw/bin/../lib/gcc/mingw32/4.6.1/../../../crt2.o c:/mingw/bin/../lib/gcc/mingw32/4.6.1/crtbegin.o -Lc:/mingw/bin/../lib/gcc/mingw32/4.6.1 -Lc:/mingw/bin/../lib/gcc -Lc:/mingw/bin/../lib/gcc/mingw32/4.6.1/../../../../mingw32/lib -Lc:/mingw/bin/../lib/gcc/mingw32/4.6.1/../../.. -L/mingw/lib C:\cygwin64\tmp\cc2hotio.o -lgfortran -lmingw32 -lgcc_s -lgcc -lmoldname -lmingwex -lmsvcrt -lquadmath -lm -lmingw32 -lgcc_s -lgcc -lmoldname -lmingwex -lmsvcrt -ladvapi32 -lshell32 -luser32 -lkernel32 -lmingw32 -lgcc_s -lgcc -lmoldname -lmingwex -lmsvcrt c:/mingw/bin/../lib/gcc/mingw32/4.6.1/crtend.o
configure:4413: result:  -Lc:/mingw/bin/../lib/gcc/mingw32/4.6.1 -Lc:/mingw/bin/../lib/gcc -Lc:/mingw/bin/../lib/gcc/mingw32/4.6.1/../../../../mingw32/lib -Lc:/mingw/bin/../lib/gcc/mingw32/4.6.1/../../.. -L/mingw/lib -lgfortran -lmingw32 -lmoldname -lmingwex -lmsvcrt -lquadmath -lm -ladvapi32 -lshell32 -luser32
configure:4427: checking fortran 90 modules inclusion flag
configure:4452: gfortran -c -g -O2  conftest.f >&5
conftest.f:1.1:

module conftest_module                                                  
 1
Error: Non-numeric character in statement label at (1)
conftest.f:1.1:

module conftest_module                                                  
 1
Error: Unclassifiable statement at (1)
conftest.f:2.4:

   contains                                                             
    1
Error: Non-numeric character in statement label at (1)
conftest.f:2.4:

   contains                                                             
    1
Error: Unclassifiable statement at (1)
conftest.f:3.4:

   subroutine conftest_routine                                          
    1
Error: Non-numeric character in statement label at (1)
conftest.f:3.4:

   subroutine conftest_routine                                          
    1
Error: Unclassifiable statement at (1)
conftest.f:4.4:

   write(*,'(a)') 'gotcha!'                                             
    1
Error: Non-numeric character in statement label at (1)
conftest.f:4.4:

   write(*,'(a)') 'gotcha!'                                             
    1
Error: Unclassifiable statement at (1)
conftest.f:5.4:

   end subroutine conftest_routine                                      
    1
Error: Non-numeric character in statement label at (1)
conftest.f:5.4:

   end subroutine conftest_routine                                      
    1
Error: Unclassifiable statement at (1)
conftest.f:6.4:

   end module conftest_module                                           
    1
Error: Non-numeric character in statement label at (1)
conftest.f:6.4:

   end module conftest_module                                           
    1
Error: Unclassifiable statement at (1)
configure:4452: $? = 1
configure: failed program was:
| module conftest_module
|    contains
|    subroutine conftest_routine
|    write(*,'(a)') 'gotcha!'
|    end subroutine conftest_routine
|    end module conftest_module
| 
configure:4469: gfortran -c -g -O2 -I tmpdir_0  conftest.f >&5
conftest.f:1.1:

program conftest_program                                                
 1
Error: Non-numeric character in statement label at (1)
conftest.f:1.1:

program conftest_program                                                
 1
Error: Unclassifiable statement at (1)
conftest.f:2.72:

       use conftest_module                                              
                                                                        1
Fatal Error: Can't open module file 'conftest_module.mod' for reading at (1): No such file or directory
configure:4469: $? = 1
configure: failed program was:
| program conftest_program
|        use conftest_module
|        call conftest_routine
|        end program conftest_program
| 
configure:4469: gfortran -c -g -O2 -Mtmpdir_0  conftest.f >&5
f951.exe: error: unrecognized command line option '-Mtmpdir_0'
configure:4469: $? = 1
configure: failed program was:
| program conftest_program
|        use conftest_module
|        call conftest_routine
|        end program conftest_program
| 
configure:4469: gfortran -c -g -O2 -ptmpdir_0  conftest.f >&5
gfortran.exe: error: unrecognized option '-ptmpdir_0'
configure:4469: $? = 1
configure: failed program was:
| program conftest_program
|        use conftest_module
|        call conftest_routine
|        end program conftest_program
| 
configure:4488: result: not found
configure:4497: checking how to get verbose linking output from gfortran
configure:4507: gfortran -c -g -O2 conftest.f >&5
configure:4507: $? = 0
configure:4525: gfortran -o conftest.exe -g -O2 -v conftest.f
Using built-in specs.
Target: mingw32
Thread model: win32
gcc version 4.6.1 (GCC) 
 c:/mingw/bin/../libexec/gcc/mingw32/4.6.1/f951.exe conftest.f -ffixed-form -quiet -dumpbase conftest.f -mtune=i386 -march=i386 -auxbase conftest -g -O2 -version -fintrinsic-modules-path c:/mingw/bin/../lib/gcc/mingw32/4.6.1/finclude -o C:\cygwin64\tmp\ccrkln0v.s
GNU Fortran (GCC) version 4.6.1 (mingw32)
	compiled by GNU C version 4.6.1, GMP version 5.0.1, MPFR version 2.4.1, MPC version 0.8.1
GGC heuristics: --param ggc-min-expand=100 --param ggc-min-heapsize=131072
GNU Fortran (GCC) version 4.6.1 (mingw32)
	compiled by GNU C version 4.6.1, GMP version 5.0.1, MPFR version 2.4.1, MPC version 0.8.1
GGC heuristics: --param ggc-min-expand=100 --param ggc-min-heapsize=131072
 c:/mingw/bin/../lib/gcc/mingw32/4.6.1/../../../../mingw32/bin/as.exe -o C:\cygwin64\tmp\cc6yuNuT.o C:\cygwin64\tmp\ccrkln0v.s
Reading specs from c:/mingw/bin/../lib/gcc/mingw32/4.6.1/libgfortran.spec
rename spec lib to liborig
 c:/mingw/bin/../libexec/gcc/mingw32/4.6.1/collect2.exe -Bdynamic -u ___register_frame_info -u ___deregister_frame_info -o conftest.exe c:/mingw/bin/../lib/gcc/mingw32/4.6.1/../../../crt2.o c:/mingw/bin/../lib/gcc/mingw32/4.6.1/crtbegin.o -Lc:/mingw/bin/../lib/gcc/mingw32/4.6.1 -Lc:/mingw/bin/../lib/gcc -Lc:/mingw/bin/../lib/gcc/mingw32/4.6.1/../../../../mingw32/lib -Lc:/mingw/bin/../lib/gcc/mingw32/4.6.1/../../.. -L/mingw/lib C:\cygwin64\tmp\cc6yuNuT.o -lgfortran -lmingw32 -lgcc_s -lgcc -lmoldname -lmingwex -lmsvcrt -lquadmath -lm -lmingw32 -lgcc_s -lgcc -lmoldname -lmingwex -lmsvcrt -ladvapi32 -lshell32 -luser32 -lkernel32 -lmingw32 -lgcc_s -lgcc -lmoldname -lmingwex -lmsvcrt c:/mingw/bin/../lib/gcc/mingw32/4.6.1/crtend.o
configure:4608: result: -v
configure:4610: checking for Fortran 77 libraries of gfortran
configure:4633: gfortran -o conftest.exe -g -O2 -v conftest.f
Using built-in specs.
Target: mingw32
Thread model: win32
gcc version 4.6.1 (GCC) 
 c:/mingw/bin/../libexec/gcc/mingw32/4.6.1/f951.exe conftest.f -ffixed-form -quiet -dumpbase conftest.f -mtune=i386 -march=i386 -auxbase conftest -g -O2 -version -fintrinsic-modules-path c:/mingw/bin/../lib/gcc/mingw32/4.6.1/finclude -o C:\cygwin64\tmp\cc3txZyJ.s
GNU Fortran (GCC) version 4.6.1 (mingw32)
	compiled by GNU C version 4.6.1, GMP version 5.0.1, MPFR version 2.4.1, MPC version 0.8.1
GGC heuristics: --param ggc-min-expand=100 --param ggc-min-heapsize=131072
GNU Fortran (GCC) version 4.6.1 (mingw32)
	compiled by GNU C version 4.6.1, GMP version 5.0.1, MPFR version 2.4.1, MPC version 0.8.1
GGC heuristics: --param ggc-min-expand=100 --param ggc-min-heapsize=131072
 c:/mingw/bin/../lib/gcc/mingw32/4.6.1/../../../../mingw32/bin/as.exe -o C:\cygwin64\tmp\cc8BNVSm.o C:\cygwin64\tmp\cc3txZyJ.s
Reading specs from c:/mingw/bin/../lib/gcc/mingw32/4.6.1/libgfortran.spec
rename spec lib to liborig
 c:/mingw/bin/../libexec/gcc/mingw32/4.6.1/collect2.exe -Bdynamic -u ___register_frame_info -u ___deregister_frame_info -o conftest.exe c:/mingw/bin/../lib/gcc/mingw32/4.6.1/../../../crt2.o c:/mingw/bin/../lib/gcc/mingw32/4.6.1/crtbegin.o -Lc:/mingw/bin/../lib/gcc/mingw32/4.6.1 -Lc:/mingw/bin/../lib/gcc -Lc:/mingw/bin/../lib/gcc/mingw32/4.6.1/../../../../mingw32/lib -Lc:/mingw/bin/../lib/gcc/mingw32/4.6.1/../../.. -L/mingw/lib C:\cygwin64\tmp\cc8BNVSm.o -lgfortran -lmingw32 -lgcc_s -lgcc -lmoldname -lmingwex -lmsvcrt -lquadmath -lm -lmingw32 -lgcc_s -lgcc -lmoldname -lmingwex -lmsvcrt -ladvapi32 -lshell32 -luser32 -lkernel32 -lmingw32 -lgcc_s -lgcc -lmoldname -lmingwex -lmsvcrt c:/mingw/bin/../lib/gcc/mingw32/4.6.1/crtend.o
configure:4829: result:  -Lc:/mingw/bin/../lib/gcc/mingw32/4.6.1 -Lc:/mingw/bin/../lib/gcc -Lc:/mingw/bin/../lib/gcc/mingw32/4.6.1/../../../../mingw32/lib -Lc:/mingw/bin/../lib/gcc/mingw32/4.6.1/../../.. -L/mingw/lib -lgfortran -lmingw32 -lmoldname -lmingwex -lmsvcrt -lquadmath -lm -ladvapi32 -lshell32 -luser32
configure:4846: checking for dummy main to link with Fortran 77 libraries
configure:4880: gcc -o conftest.exe -g -O2   conftest.c   -Lc:/mingw/bin/../lib/gcc/mingw32/4.6.1 -Lc:/mingw/bin/../lib/gcc -Lc:/mingw/bin/../lib/gcc/mingw32/4.6.1/../../../../mingw32/lib -Lc:/mingw/bin/../lib/gcc/mingw32/4.6.1/../../.. -L/mingw/lib -lgfortran -lmingw32 -lmoldname -lmingwex -lmsvcrt -lquadmath -lm -ladvapi32 -lshell32 -luser32 >&5
/usr/bin/ld: skipping incompatible c:/mingw/bin/../lib/gcc/mingw32/4.6.1/libgfortran.dll.a when searching for -lgfortran
/usr/bin/ld: skipping incompatible c:/mingw/bin/../lib/gcc/mingw32/4.6.1/libgfortran.a when searching for -lgfortran
/usr/bin/ld: skipping incompatible c:/mingw/bin/../lib/gcc/mingw32/4.6.1/libgfortran.a when searching for -lgfortran
/usr/bin/ld: skipping incompatible c:/mingw/bin/../lib/gcc/mingw32/4.6.1/libgfortran.dll.a when searching for -lgfortran
/usr/bin/ld: skipping incompatible c:/mingw/bin/../lib/gcc/mingw32/4.6.1/libgfortran.a when searching for -lgfortran
/usr/bin/ld: cannot find -lgfortran
/usr/bin/ld: skipping incompatible c:/mingw/bin/../lib/gcc/mingw32/4.6.1/../../../libmingw32.a when searching for -lmingw32
/usr/bin/ld: skipping incompatible c:/mingw/bin/../lib/gcc/mingw32/4.6.1/../../../libmingw32.a when searching for -lmingw32
/usr/bin/ld: skipping incompatible c:/mingw/bin/../lib/gcc/mingw32/4.6.1/../../../libmingw32.a when searching for -lmingw32
/usr/bin/ld: cannot find -lmingw32
/usr/bin/ld: skipping incompatible c:/mingw/bin/../lib/gcc/mingw32/4.6.1/../../../libmoldname.a when searching for -lmoldname
/usr/bin/ld: skipping incompatible c:/mingw/bin/../lib/gcc/mingw32/4.6.1/../../../libmoldname.a when searching for -lmoldname
/usr/bin/ld: skipping incompatible c:/mingw/bin/../lib/gcc/mingw32/4.6.1/../../../libmoldname.a when searching for -lmoldname
/usr/bin/ld: cannot find -lmoldname
/usr/bin/ld: skipping incompatible c:/mingw/bin/../lib/gcc/mingw32/4.6.1/../../../libmingwex.a when searching for -lmingwex
/usr/bin/ld: skipping incompatible c:/mingw/bin/../lib/gcc/mingw32/4.6.1/../../../libmingwex.a when searching for -lmingwex
/usr/bin/ld: skipping incompatible c:/mingw/bin/../lib/gcc/mingw32/4.6.1/../../../libmingwex.a when searching for -lmingwex
/usr/bin/ld: cannot find -lmingwex
/usr/bin/ld: skipping incompatible c:/mingw/bin/../lib/gcc/mingw32/4.6.1/../../../libmsvcrt.a when searching for -lmsvcrt
/usr/bin/ld: skipping incompatible c:/mingw/bin/../lib/gcc/mingw32/4.6.1/../../../libmsvcrt.a when searching for -lmsvcrt
/usr/bin/ld: skipping incompatible c:/mingw/bin/../lib/gcc/mingw32/4.6.1/../../../libmsvcrt.a when searching for -lmsvcrt
/usr/bin/ld: cannot find -lmsvcrt
/usr/bin/ld: skipping incompatible c:/mingw/bin/../lib/gcc/mingw32/4.6.1/libquadmath.dll.a when searching for -lquadmath
/usr/bin/ld: skipping incompatible c:/mingw/bin/../lib/gcc/mingw32/4.6.1/libquadmath.a when searching for -lquadmath
/usr/bin/ld: skipping incompatible c:/mingw/bin/../lib/gcc/mingw32/4.6.1/libquadmath.a when searching for -lquadmath
/usr/bin/ld: skipping incompatible c:/mingw/bin/../lib/gcc/mingw32/4.6.1/../../../libm.a when searching for -lm
/usr/bin/ld: skipping incompatible c:/mingw/bin/../lib/gcc/mingw32/4.6.1/../../../libm.a when searching for -lm
/usr/bin/ld: skipping incompatible c:/mingw/bin/../lib/gcc/mingw32/4.6.1/../../../libadvapi32.a when searching for -ladvapi32
/usr/bin/ld: skipping incompatible c:/mingw/bin/../lib/gcc/mingw32/4.6.1/../../../libadvapi32.a when searching for -ladvapi32
/usr/bin/ld: skipping incompatible c:/mingw/bin/../lib/gcc/mingw32/4.6.1/../../../libshell32.a when searching for -lshell32
/usr/bin/ld: skipping incompatible c:/mingw/bin/../lib/gcc/mingw32/4.6.1/../../../libshell32.a when searching for -lshell32
/usr/bin/ld: skipping incompatible c:/mingw/bin/../lib/gcc/mingw32/4.6.1/../../../libuser32.a when searching for -luser32
/usr/bin/ld: skipping incompatible c:/mingw/bin/../lib/gcc/mingw32/4.6.1/../../../libuser32.a when searching for -luser32
/usr/bin/ld: skipping incompatible c:/mingw/bin/../lib/gcc/mingw32/4.6.1/libgcc_s.a when searching for -lgcc_s
/usr/bin/ld: skipping incompatible c:/mingw/bin/../lib/gcc/mingw32/4.6.1/libgcc_s.a when searching for -lgcc_s
/usr/bin/ld: skipping incompatible c:/mingw/bin/../lib/gcc/mingw32/4.6.1/libgcc.a when searching for -lgcc
/usr/bin/ld: skipping incompatible c:/mingw/bin/../lib/gcc/mingw32/4.6.1/libgcc.a when searching for -lgcc
/usr/bin/ld: skipping incompatible c:/mingw/bin/../lib/gcc/mingw32/4.6.1/../../../libadvapi32.a when searching for -ladvapi32
/usr/bin/ld: skipping incompatible c:/mingw/bin/../lib/gcc/mingw32/4.6.1/../../../libadvapi32.a when searching for -ladvapi32
/usr/bin/ld: skipping incompatible c:/mingw/bin/../lib/gcc/mingw32/4.6.1/../../../libshell32.a when searching for -lshell32
/usr/bin/ld: skipping incompatible c:/mingw/bin/../lib/gcc/mingw32/4.6.1/../../../libshell32.a when searching for -lshell32
/usr/bin/ld: skipping incompatible c:/mingw/bin/../lib/gcc/mingw32/4.6.1/../../../libuser32.a when searching for -luser32
/usr/bin/ld: skipping incompatible c:/mingw/bin/../lib/gcc/mingw32/4.6.1/../../../libuser32.a when searching for -luser32
/usr/bin/ld: skipping incompatible c:/mingw/bin/../lib/gcc/mingw32/4.6.1/../../../libkernel32.a when searching for -lkernel32
/usr/bin/ld: skipping incompatible c:/mingw/bin/../lib/gcc/mingw32/4.6.1/../../../libkernel32.a when searching for -lkernel32
/usr/bin/ld: skipping incompatible c:/mingw/bin/../lib/gcc/mingw32/4.6.1/libgcc_s.a when searching for -lgcc_s
/usr/bin/ld: skipping incompatible c:/mingw/bin/../lib/gcc/mingw32/4.6.1/libgcc_s.a when searching for -lgcc_s
/usr/bin/ld: skipping incompatible c:/mingw/bin/../lib/gcc/mingw32/4.6.1/libgcc.a when searching for -lgcc
/usr/bin/ld: skipping incompatible c:/mingw/bin/../lib/gcc/mingw32/4.6.1/libgcc.a when searching for -lgcc
collect2: error: ld returned 1 exit status
configure:4880: $? = 1
configure: failed program was:
| /* confdefs.h */
| #define PACKAGE_NAME "hsl_ma97"
| #define PACKAGE_TARNAME "hsl_ma97"
| #define PACKAGE_VERSION "2.3.0"
| #define PACKAGE_STRING "hsl_ma97 2.3.0"
| #define PACKAGE_BUGREPORT "hsl@stfc.ac.uk"
| #define PACKAGE_URL ""
| #define PACKAGE "hsl_ma97"
| #define VERSION "2.3.0"
| /* end confdefs.h.  */
| 
| #ifdef F77_DUMMY_MAIN
| 
| #  ifdef __cplusplus
|      extern "C"
| #  endif
|    int F77_DUMMY_MAIN() { return 1; }
| 
| #endif
| int
| main ()
| {
| 
|   ;
|   return 0;
| }
configure:4909: gcc -o conftest.exe -g -O2   conftest.c   -Lc:/mingw/bin/../lib/gcc/mingw32/4.6.1 -Lc:/mingw/bin/../lib/gcc -Lc:/mingw/bin/../lib/gcc/mingw32/4.6.1/../../../../mingw32/lib -Lc:/mingw/bin/../lib/gcc/mingw32/4.6.1/../../.. -L/mingw/lib -lgfortran -lmingw32 -lmoldname -lmingwex -lmsvcrt -lquadmath -lm -ladvapi32 -lshell32 -luser32 >&5
/usr/bin/ld: skipping incompatible c:/mingw/bin/../lib/gcc/mingw32/4.6.1/libgfortran.dll.a when searching for -lgfortran
/usr/bin/ld: skipping incompatible c:/mingw/bin/../lib/gcc/mingw32/4.6.1/libgfortran.a when searching for -lgfortran
/usr/bin/ld: skipping incompatible c:/mingw/bin/../lib/gcc/mingw32/4.6.1/libgfortran.a when searching for -lgfortran
/usr/bin/ld: skipping incompatible c:/mingw/bin/../lib/gcc/mingw32/4.6.1/libgfortran.dll.a when searching for -lgfortran
/usr/bin/ld: skipping incompatible c:/mingw/bin/../lib/gcc/mingw32/4.6.1/libgfortran.a when searching for -lgfortran
/usr/bin/ld: cannot find -lgfortran
/usr/bin/ld: skipping incompatible c:/mingw/bin/../lib/gcc/mingw32/4.6.1/../../../libmingw32.a when searching for -lmingw32
/usr/bin/ld: skipping incompatible c:/mingw/bin/../lib/gcc/mingw32/4.6.1/../../../libmingw32.a when searching for -lmingw32
/usr/bin/ld: skipping incompatible c:/mingw/bin/../lib/gcc/mingw32/4.6.1/../../../libmingw32.a when searching for -lmingw32
/usr/bin/ld: cannot find -lmingw32
/usr/bin/ld: skipping incompatible c:/mingw/bin/../lib/gcc/mingw32/4.6.1/../../../libmoldname.a when searching for -lmoldname
/usr/bin/ld: skipping incompatible c:/mingw/bin/../lib/gcc/mingw32/4.6.1/../../../libmoldname.a when searching for -lmoldname
/usr/bin/ld: skipping incompatible c:/mingw/bin/../lib/gcc/mingw32/4.6.1/../../../libmoldname.a when searching for -lmoldname
/usr/bin/ld: cannot find -lmoldname
/usr/bin/ld: skipping incompatible c:/mingw/bin/../lib/gcc/mingw32/4.6.1/../../../libmingwex.a when searching for -lmingwex
/usr/bin/ld: skipping incompatible c:/mingw/bin/../lib/gcc/mingw32/4.6.1/../../../libmingwex.a when searching for -lmingwex
/usr/bin/ld: skipping incompatible c:/mingw/bin/../lib/gcc/mingw32/4.6.1/../../../libmingwex.a when searching for -lmingwex
/usr/bin/ld: cannot find -lmingwex
/usr/bin/ld: skipping incompatible c:/mingw/bin/../lib/gcc/mingw32/4.6.1/../../../libmsvcrt.a when searching for -lmsvcrt
/usr/bin/ld: skipping incompatible c:/mingw/bin/../lib/gcc/mingw32/4.6.1/../../../libmsvcrt.a when searching for -lmsvcrt
/usr/bin/ld: skipping incompatible c:/mingw/bin/../lib/gcc/mingw32/4.6.1/../../../libmsvcrt.a when searching for -lmsvcrt
/usr/bin/ld: cannot find -lmsvcrt
/usr/bin/ld: skipping incompatible c:/mingw/bin/../lib/gcc/mingw32/4.6.1/libquadmath.dll.a when searching for -lquadmath
/usr/bin/ld: skipping incompatible c:/mingw/bin/../lib/gcc/mingw32/4.6.1/libquadmath.a when searching for -lquadmath
/usr/bin/ld: skipping incompatible c:/mingw/bin/../lib/gcc/mingw32/4.6.1/libquadmath.a when searching for -lquadmath
/usr/bin/ld: skipping incompatible c:/mingw/bin/../lib/gcc/mingw32/4.6.1/../../../libm.a when searching for -lm
/usr/bin/ld: skipping incompatible c:/mingw/bin/../lib/gcc/mingw32/4.6.1/../../../libm.a when searching for -lm
/usr/bin/ld: skipping incompatible c:/mingw/bin/../lib/gcc/mingw32/4.6.1/../../../libadvapi32.a when searching for -ladvapi32
/usr/bin/ld: skipping incompatible c:/mingw/bin/../lib/gcc/mingw32/4.6.1/../../../libadvapi32.a when searching for -ladvapi32
/usr/bin/ld: skipping incompatible c:/mingw/bin/../lib/gcc/mingw32/4.6.1/../../../libshell32.a when searching for -lshell32
/usr/bin/ld: skipping incompatible c:/mingw/bin/../lib/gcc/mingw32/4.6.1/../../../libshell32.a when searching for -lshell32
/usr/bin/ld: skipping incompatible c:/mingw/bin/../lib/gcc/mingw32/4.6.1/../../../libuser32.a when searching for -luser32
/usr/bin/ld: skipping incompatible c:/mingw/bin/../lib/gcc/mingw32/4.6.1/../../../libuser32.a when searching for -luser32
/usr/bin/ld: skipping incompatible c:/mingw/bin/../lib/gcc/mingw32/4.6.1/libgcc_s.a when searching for -lgcc_s
/usr/bin/ld: skipping incompatible c:/mingw/bin/../lib/gcc/mingw32/4.6.1/libgcc_s.a when searching for -lgcc_s
/usr/bin/ld: skipping incompatible c:/mingw/bin/../lib/gcc/mingw32/4.6.1/libgcc.a when searching for -lgcc
/usr/bin/ld: skipping incompatible c:/mingw/bin/../lib/gcc/mingw32/4.6.1/libgcc.a when searching for -lgcc
/usr/bin/ld: skipping incompatible c:/mingw/bin/../lib/gcc/mingw32/4.6.1/../../../libadvapi32.a when searching for -ladvapi32
/usr/bin/ld: skipping incompatible c:/mingw/bin/../lib/gcc/mingw32/4.6.1/../../../libadvapi32.a when searching for -ladvapi32
/usr/bin/ld: skipping incompatible c:/mingw/bin/../lib/gcc/mingw32/4.6.1/../../../libshell32.a when searching for -lshell32
/usr/bin/ld: skipping incompatible c:/mingw/bin/../lib/gcc/mingw32/4.6.1/../../../libshell32.a when searching for -lshell32
/usr/bin/ld: skipping incompatible c:/mingw/bin/../lib/gcc/mingw32/4.6.1/../../../libuser32.a when searching for -luser32
/usr/bin/ld: skipping incompatible c:/mingw/bin/../lib/gcc/mingw32/4.6.1/../../../libuser32.a when searching for -luser32
/usr/bin/ld: skipping incompatible c:/mingw/bin/../lib/gcc/mingw32/4.6.1/../../../libkernel32.a when searching for -lkernel32
/usr/bin/ld: skipping incompatible c:/mingw/bin/../lib/gcc/mingw32/4.6.1/../../../libkernel32.a when searching for -lkernel32
/usr/bin/ld: skipping incompatible c:/mingw/bin/../lib/gcc/mingw32/4.6.1/libgcc_s.a when searching for -lgcc_s
/usr/bin/ld: skipping incompatible c:/mingw/bin/../lib/gcc/mingw32/4.6.1/libgcc_s.a when searching for -lgcc_s
/usr/bin/ld: skipping incompatible c:/mingw/bin/../lib/gcc/mingw32/4.6.1/libgcc.a when searching for -lgcc
/usr/bin/ld: skipping incompatible c:/mingw/bin/../lib/gcc/mingw32/4.6.1/libgcc.a when searching for -lgcc
collect2: error: ld returned 1 exit status
configure:4909: $? = 1
configure: failed program was:
| /* confdefs.h */
| #define PACKAGE_NAME "hsl_ma97"
| #define PACKAGE_TARNAME "hsl_ma97"
| #define PACKAGE_VERSION "2.3.0"
| #define PACKAGE_STRING "hsl_ma97 2.3.0"
| #define PACKAGE_BUGREPORT "hsl@stfc.ac.uk"
| #define PACKAGE_URL ""
| #define PACKAGE "hsl_ma97"
| #define VERSION "2.3.0"
| /* end confdefs.h.  */
| #define F77_DUMMY_MAIN MAIN__
| #ifdef F77_DUMMY_MAIN
| 
| #  ifdef __cplusplus
|      extern "C"
| #  endif
|    int F77_DUMMY_MAIN() { return 1; }
| 
| #endif
| int
| main ()
| {
| 
|   ;
|   return 0;
| }
configure:4909: gcc -o conftest.exe -g -O2   conftest.c   -Lc:/mingw/bin/../lib/gcc/mingw32/4.6.1 -Lc:/mingw/bin/../lib/gcc -Lc:/mingw/bin/../lib/gcc/mingw32/4.6.1/../../../../mingw32/lib -Lc:/mingw/bin/../lib/gcc/mingw32/4.6.1/../../.. -L/mingw/lib -lgfortran -lmingw32 -lmoldname -lmingwex -lmsvcrt -lquadmath -lm -ladvapi32 -lshell32 -luser32 >&5
/usr/bin/ld: skipping incompatible c:/mingw/bin/../lib/gcc/mingw32/4.6.1/libgfortran.dll.a when searching for -lgfortran
/usr/bin/ld: skipping incompatible c:/mingw/bin/../lib/gcc/mingw32/4.6.1/libgfortran.a when searching for -lgfortran
/usr/bin/ld: skipping incompatible c:/mingw/bin/../lib/gcc/mingw32/4.6.1/libgfortran.a when searching for -lgfortran
/usr/bin/ld: skipping incompatible c:/mingw/bin/../lib/gcc/mingw32/4.6.1/libgfortran.dll.a when searching for -lgfortran
/usr/bin/ld: skipping incompatible c:/mingw/bin/../lib/gcc/mingw32/4.6.1/libgfortran.a when searching for -lgfortran
/usr/bin/ld: cannot find -lgfortran
/usr/bin/ld: skipping incompatible c:/mingw/bin/../lib/gcc/mingw32/4.6.1/../../../libmingw32.a when searching for -lmingw32
/usr/bin/ld: skipping incompatible c:/mingw/bin/../lib/gcc/mingw32/4.6.1/../../../libmingw32.a when searching for -lmingw32
/usr/bin/ld: skipping incompatible c:/mingw/bin/../lib/gcc/mingw32/4.6.1/../../../libmingw32.a when searching for -lmingw32
/usr/bin/ld: cannot find -lmingw32
/usr/bin/ld: skipping incompatible c:/mingw/bin/../lib/gcc/mingw32/4.6.1/../../../libmoldname.a when searching for -lmoldname
/usr/bin/ld: skipping incompatible c:/mingw/bin/../lib/gcc/mingw32/4.6.1/../../../libmoldname.a when searching for -lmoldname
/usr/bin/ld: skipping incompatible c:/mingw/bin/../lib/gcc/mingw32/4.6.1/../../../libmoldname.a when searching for -lmoldname
/usr/bin/ld: cannot find -lmoldname
/usr/bin/ld: skipping incompatible c:/mingw/bin/../lib/gcc/mingw32/4.6.1/../../../libmingwex.a when searching for -lmingwex
/usr/bin/ld: skipping incompatible c:/mingw/bin/../lib/gcc/mingw32/4.6.1/../../../libmingwex.a when searching for -lmingwex
/usr/bin/ld: skipping incompatible c:/mingw/bin/../lib/gcc/mingw32/4.6.1/../../../libmingwex.a when searching for -lmingwex
/usr/bin/ld: cannot find -lmingwex
/usr/bin/ld: skipping incompatible c:/mingw/bin/../lib/gcc/mingw32/4.6.1/../../../libmsvcrt.a when searching for -lmsvcrt
/usr/bin/ld: skipping incompatible c:/mingw/bin/../lib/gcc/mingw32/4.6.1/../../../libmsvcrt.a when searching for -lmsvcrt
/usr/bin/ld: skipping incompatible c:/mingw/bin/../lib/gcc/mingw32/4.6.1/../../../libmsvcrt.a when searching for -lmsvcrt
/usr/bin/ld: cannot find -lmsvcrt
/usr/bin/ld: skipping incompatible c:/mingw/bin/../lib/gcc/mingw32/4.6.1/libquadmath.dll.a when searching for -lquadmath
/usr/bin/ld: skipping incompatible c:/mingw/bin/../lib/gcc/mingw32/4.6.1/libquadmath.a when searching for -lquadmath
/usr/bin/ld: skipping incompatible c:/mingw/bin/../lib/gcc/mingw32/4.6.1/libquadmath.a when searching for -lquadmath
/usr/bin/ld: skipping incompatible c:/mingw/bin/../lib/gcc/mingw32/4.6.1/../../../libm.a when searching for -lm
/usr/bin/ld: skipping incompatible c:/mingw/bin/../lib/gcc/mingw32/4.6.1/../../../libm.a when searching for -lm
/usr/bin/ld: skipping incompatible c:/mingw/bin/../lib/gcc/mingw32/4.6.1/../../../libadvapi32.a when searching for -ladvapi32
/usr/bin/ld: skipping incompatible c:/mingw/bin/../lib/gcc/mingw32/4.6.1/../../../libadvapi32.a when searching for -ladvapi32
/usr/bin/ld: skipping incompatible c:/mingw/bin/../lib/gcc/mingw32/4.6.1/../../../libshell32.a when searching for -lshell32
/usr/bin/ld: skipping incompatible c:/mingw/bin/../lib/gcc/mingw32/4.6.1/../../../libshell32.a when searching for -lshell32
/usr/bin/ld: skipping incompatible c:/mingw/bin/../lib/gcc/mingw32/4.6.1/../../../libuser32.a when searching for -luser32
/usr/bin/ld: skipping incompatible c:/mingw/bin/../lib/gcc/mingw32/4.6.1/../../../libuser32.a when searching for -luser32
/usr/bin/ld: skipping incompatible c:/mingw/bin/../lib/gcc/mingw32/4.6.1/libgcc_s.a when searching for -lgcc_s
/usr/bin/ld: skipping incompatible c:/mingw/bin/../lib/gcc/mingw32/4.6.1/libgcc_s.a when searching for -lgcc_s
/usr/bin/ld: skipping incompatible c:/mingw/bin/../lib/gcc/mingw32/4.6.1/libgcc.a when searching for -lgcc
/usr/bin/ld: skipping incompatible c:/mingw/bin/../lib/gcc/mingw32/4.6.1/libgcc.a when searching for -lgcc
/usr/bin/ld: skipping incompatible c:/mingw/bin/../lib/gcc/mingw32/4.6.1/../../../libadvapi32.a when searching for -ladvapi32
/usr/bin/ld: skipping incompatible c:/mingw/bin/../lib/gcc/mingw32/4.6.1/../../../libadvapi32.a when searching for -ladvapi32
/usr/bin/ld: skipping incompatible c:/mingw/bin/../lib/gcc/mingw32/4.6.1/../../../libshell32.a when searching for -lshell32
/usr/bin/ld: skipping incompatible c:/mingw/bin/../lib/gcc/mingw32/4.6.1/../../../libshell32.a when searching for -lshell32
/usr/bin/ld: skipping incompatible c:/mingw/bin/../lib/gcc/mingw32/4.6.1/../../../libuser32.a when searching for -luser32
/usr/bin/ld: skipping incompatible c:/mingw/bin/../lib/gcc/mingw32/4.6.1/../../../libuser32.a when searching for -luser32
/usr/bin/ld: skipping incompatible c:/mingw/bin/../lib/gcc/mingw32/4.6.1/../../../libkernel32.a when searching for -lkernel32
/usr/bin/ld: skipping incompatible c:/mingw/bin/../lib/gcc/mingw32/4.6.1/../../../libkernel32.a when searching for -lkernel32
/usr/bin/ld: skipping incompatible c:/mingw/bin/../lib/gcc/mingw32/4.6.1/libgcc_s.a when searching for -lgcc_s
/usr/bin/ld: skipping incompatible c:/mingw/bin/../lib/gcc/mingw32/4.6.1/libgcc_s.a when searching for -lgcc_s
/usr/bin/ld: skipping incompatible c:/mingw/bin/../lib/gcc/mingw32/4.6.1/libgcc.a when searching for -lgcc
/usr/bin/ld: skipping incompatible c:/mingw/bin/../lib/gcc/mingw32/4.6.1/libgcc.a when searching for -lgcc
collect2: error: ld returned 1 exit status
configure:4909: $? = 1
configure: failed program was:
| /* confdefs.h */
| #define PACKAGE_NAME "hsl_ma97"
| #define PACKAGE_TARNAME "hsl_ma97"
| #define PACKAGE_VERSION "2.3.0"
| #define PACKAGE_STRING "hsl_ma97 2.3.0"
| #define PACKAGE_BUGREPORT "hsl@stfc.ac.uk"
| #define PACKAGE_URL ""
| #define PACKAGE "hsl_ma97"
| #define VERSION "2.3.0"
| /* end confdefs.h.  */
| #define F77_DUMMY_MAIN MAIN_
| #ifdef F77_DUMMY_MAIN
| 
| #  ifdef __cplusplus
|      extern "C"
| #  endif
|    int F77_DUMMY_MAIN() { return 1; }
| 
| #endif
| int
| main ()
| {
| 
|   ;
|   return 0;
| }
configure:4909: gcc -o conftest.exe -g -O2   conftest.c   -Lc:/mingw/bin/../lib/gcc/mingw32/4.6.1 -Lc:/mingw/bin/../lib/gcc -Lc:/mingw/bin/../lib/gcc/mingw32/4.6.1/../../../../mingw32/lib -Lc:/mingw/bin/../lib/gcc/mingw32/4.6.1/../../.. -L/mingw/lib -lgfortran -lmingw32 -lmoldname -lmingwex -lmsvcrt -lquadmath -lm -ladvapi32 -lshell32 -luser32 >&5
/usr/bin/ld: skipping incompatible c:/mingw/bin/../lib/gcc/mingw32/4.6.1/libgfortran.dll.a when searching for -lgfortran
/usr/bin/ld: skipping incompatible c:/mingw/bin/../lib/gcc/mingw32/4.6.1/libgfortran.a when searching for -lgfortran
/usr/bin/ld: skipping incompatible c:/mingw/bin/../lib/gcc/mingw32/4.6.1/libgfortran.a when searching for -lgfortran
/usr/bin/ld: skipping incompatible c:/mingw/bin/../lib/gcc/mingw32/4.6.1/libgfortran.dll.a when searching for -lgfortran
/usr/bin/ld: skipping incompatible c:/mingw/bin/../lib/gcc/mingw32/4.6.1/libgfortran.a when searching for -lgfortran
/usr/bin/ld: cannot find -lgfortran
/usr/bin/ld: skipping incompatible c:/mingw/bin/../lib/gcc/mingw32/4.6.1/../../../libmingw32.a when searching for -lmingw32
/usr/bin/ld: skipping incompatible c:/mingw/bin/../lib/gcc/mingw32/4.6.1/../../../libmingw32.a when searching for -lmingw32
/usr/bin/ld: skipping incompatible c:/mingw/bin/../lib/gcc/mingw32/4.6.1/../../../libmingw32.a when searching for -lmingw32
/usr/bin/ld: cannot find -lmingw32
/usr/bin/ld: skipping incompatible c:/mingw/bin/../lib/gcc/mingw32/4.6.1/../../../libmoldname.a when searching for -lmoldname
/usr/bin/ld: skipping incompatible c:/mingw/bin/../lib/gcc/mingw32/4.6.1/../../../libmoldname.a when searching for -lmoldname
/usr/bin/ld: skipping incompatible c:/mingw/bin/../lib/gcc/mingw32/4.6.1/../../../libmoldname.a when searching for -lmoldname
/usr/bin/ld: cannot find -lmoldname
/usr/bin/ld: skipping incompatible c:/mingw/bin/../lib/gcc/mingw32/4.6.1/../../../libmingwex.a when searching for -lmingwex
/usr/bin/ld: skipping incompatible c:/mingw/bin/../lib/gcc/mingw32/4.6.1/../../../libmingwex.a when searching for -lmingwex
/usr/bin/ld: skipping incompatible c:/mingw/bin/../lib/gcc/mingw32/4.6.1/../../../libmingwex.a when searching for -lmingwex
/usr/bin/ld: cannot find -lmingwex
/usr/bin/ld: skipping incompatible c:/mingw/bin/../lib/gcc/mingw32/4.6.1/../../../libmsvcrt.a when searching for -lmsvcrt
/usr/bin/ld: skipping incompatible c:/mingw/bin/../lib/gcc/mingw32/4.6.1/../../../libmsvcrt.a when searching for -lmsvcrt
/usr/bin/ld: skipping incompatible c:/mingw/bin/../lib/gcc/mingw32/4.6.1/../../../libmsvcrt.a when searching for -lmsvcrt
/usr/bin/ld: cannot find -lmsvcrt
/usr/bin/ld: skipping incompatible c:/mingw/bin/../lib/gcc/mingw32/4.6.1/libquadmath.dll.a when searching for -lquadmath
/usr/bin/ld: skipping incompatible c:/mingw/bin/../lib/gcc/mingw32/4.6.1/libquadmath.a when searching for -lquadmath
/usr/bin/ld: skipping incompatible c:/mingw/bin/../lib/gcc/mingw32/4.6.1/libquadmath.a when searching for -lquadmath
/usr/bin/ld: skipping incompatible c:/mingw/bin/../lib/gcc/mingw32/4.6.1/../../../libm.a when searching for -lm
/usr/bin/ld: skipping incompatible c:/mingw/bin/../lib/gcc/mingw32/4.6.1/../../../libm.a when searching for -lm
/usr/bin/ld: skipping incompatible c:/mingw/bin/../lib/gcc/mingw32/4.6.1/../../../libadvapi32.a when searching for -ladvapi32
/usr/bin/ld: skipping incompatible c:/mingw/bin/../lib/gcc/mingw32/4.6.1/../../../libadvapi32.a when searching for -ladvapi32
/usr/bin/ld: skipping incompatible c:/mingw/bin/../lib/gcc/mingw32/4.6.1/../../../libshell32.a when searching for -lshell32
/usr/bin/ld: skipping incompatible c:/mingw/bin/../lib/gcc/mingw32/4.6.1/../../../libshell32.a when searching for -lshell32
/usr/bin/ld: skipping incompatible c:/mingw/bin/../lib/gcc/mingw32/4.6.1/../../../libuser32.a when searching for -luser32
/usr/bin/ld: skipping incompatible c:/mingw/bin/../lib/gcc/mingw32/4.6.1/../../../libuser32.a when searching for -luser32
/usr/bin/ld: skipping incompatible c:/mingw/bin/../lib/gcc/mingw32/4.6.1/libgcc_s.a when searching for -lgcc_s
/usr/bin/ld: skipping incompatible c:/mingw/bin/../lib/gcc/mingw32/4.6.1/libgcc_s.a when searching for -lgcc_s
/usr/bin/ld: skipping incompatible c:/mingw/bin/../lib/gcc/mingw32/4.6.1/libgcc.a when searching for -lgcc
/usr/bin/ld: skipping incompatible c:/mingw/bin/../lib/gcc/mingw32/4.6.1/libgcc.a when searching for -lgcc
/usr/bin/ld: skipping incompatible c:/mingw/bin/../lib/gcc/mingw32/4.6.1/../../../libadvapi32.a when searching for -ladvapi32
/usr/bin/ld: skipping incompatible c:/mingw/bin/../lib/gcc/mingw32/4.6.1/../../../libadvapi32.a when searching for -ladvapi32
/usr/bin/ld: skipping incompatible c:/mingw/bin/../lib/gcc/mingw32/4.6.1/../../../libshell32.a when searching for -lshell32
/usr/bin/ld: skipping incompatible c:/mingw/bin/../lib/gcc/mingw32/4.6.1/../../../libshell32.a when searching for -lshell32
/usr/bin/ld: skipping incompatible c:/mingw/bin/../lib/gcc/mingw32/4.6.1/../../../libuser32.a when searching for -luser32
/usr/bin/ld: skipping incompatible c:/mingw/bin/../lib/gcc/mingw32/4.6.1/../../../libuser32.a when searching for -luser32
/usr/bin/ld: skipping incompatible c:/mingw/bin/../lib/gcc/mingw32/4.6.1/../../../libkernel32.a when searching for -lkernel32
/usr/bin/ld: skipping incompatible c:/mingw/bin/../lib/gcc/mingw32/4.6.1/../../../libkernel32.a when searching for -lkernel32
/usr/bin/ld: skipping incompatible c:/mingw/bin/../lib/gcc/mingw32/4.6.1/libgcc_s.a when searching for -lgcc_s
/usr/bin/ld: skipping incompatible c:/mingw/bin/../lib/gcc/mingw32/4.6.1/libgcc_s.a when searching for -lgcc_s
/usr/bin/ld: skipping incompatible c:/mingw/bin/../lib/gcc/mingw32/4.6.1/libgcc.a when searching for -lgcc
/usr/bin/ld: skipping incompatible c:/mingw/bin/../lib/gcc/mingw32/4.6.1/libgcc.a when searching for -lgcc
collect2: error: ld returned 1 exit status
configure:4909: $? = 1
configure: failed program was:
| /* confdefs.h */
| #define PACKAGE_NAME "hsl_ma97"
| #define PACKAGE_TARNAME "hsl_ma97"
| #define PACKAGE_VERSION "2.3.0"
| #define PACKAGE_STRING "hsl_ma97 2.3.0"
| #define PACKAGE_BUGREPORT "hsl@stfc.ac.uk"
| #define PACKAGE_URL ""
| #define PACKAGE "hsl_ma97"
| #define VERSION "2.3.0"
| /* end confdefs.h.  */
| #define F77_DUMMY_MAIN __main
| #ifdef F77_DUMMY_MAIN
| 
| #  ifdef __cplusplus
|      extern "C"
| #  endif
|    int F77_DUMMY_MAIN() { return 1; }
| 
| #endif
| int
| main ()
| {
| 
|   ;
|   return 0;
| }
configure:4909: gcc -o conftest.exe -g -O2   conftest.c   -Lc:/mingw/bin/../lib/gcc/mingw32/4.6.1 -Lc:/mingw/bin/../lib/gcc -Lc:/mingw/bin/../lib/gcc/mingw32/4.6.1/../../../../mingw32/lib -Lc:/mingw/bin/../lib/gcc/mingw32/4.6.1/../../.. -L/mingw/lib -lgfortran -lmingw32 -lmoldname -lmingwex -lmsvcrt -lquadmath -lm -ladvapi32 -lshell32 -luser32 >&5
/usr/bin/ld: skipping incompatible c:/mingw/bin/../lib/gcc/mingw32/4.6.1/libgfortran.dll.a when searching for -lgfortran
/usr/bin/ld: skipping incompatible c:/mingw/bin/../lib/gcc/mingw32/4.6.1/libgfortran.a when searching for -lgfortran
/usr/bin/ld: skipping incompatible c:/mingw/bin/../lib/gcc/mingw32/4.6.1/libgfortran.a when searching for -lgfortran
/usr/bin/ld: skipping incompatible c:/mingw/bin/../lib/gcc/mingw32/4.6.1/libgfortran.dll.a when searching for -lgfortran
/usr/bin/ld: skipping incompatible c:/mingw/bin/../lib/gcc/mingw32/4.6.1/libgfortran.a when searching for -lgfortran
/usr/bin/ld: cannot find -lgfortran
/usr/bin/ld: skipping incompatible c:/mingw/bin/../lib/gcc/mingw32/4.6.1/../../../libmingw32.a when searching for -lmingw32
/usr/bin/ld: skipping incompatible c:/mingw/bin/../lib/gcc/mingw32/4.6.1/../../../libmingw32.a when searching for -lmingw32
/usr/bin/ld: skipping incompatible c:/mingw/bin/../lib/gcc/mingw32/4.6.1/../../../libmingw32.a when searching for -lmingw32
/usr/bin/ld: cannot find -lmingw32
/usr/bin/ld: skipping incompatible c:/mingw/bin/../lib/gcc/mingw32/4.6.1/../../../libmoldname.a when searching for -lmoldname
/usr/bin/ld: skipping incompatible c:/mingw/bin/../lib/gcc/mingw32/4.6.1/../../../libmoldname.a when searching for -lmoldname
/usr/bin/ld: skipping incompatible c:/mingw/bin/../lib/gcc/mingw32/4.6.1/../../../libmoldname.a when searching for -lmoldname
/usr/bin/ld: cannot find -lmoldname
/usr/bin/ld: skipping incompatible c:/mingw/bin/../lib/gcc/mingw32/4.6.1/../../../libmingwex.a when searching for -lmingwex
/usr/bin/ld: skipping incompatible c:/mingw/bin/../lib/gcc/mingw32/4.6.1/../../../libmingwex.a when searching for -lmingwex
/usr/bin/ld: skipping incompatible c:/mingw/bin/../lib/gcc/mingw32/4.6.1/../../../libmingwex.a when searching for -lmingwex
/usr/bin/ld: cannot find -lmingwex
/usr/bin/ld: skipping incompatible c:/mingw/bin/../lib/gcc/mingw32/4.6.1/../../../libmsvcrt.a when searching for -lmsvcrt
/usr/bin/ld: skipping incompatible c:/mingw/bin/../lib/gcc/mingw32/4.6.1/../../../libmsvcrt.a when searching for -lmsvcrt
/usr/bin/ld: skipping incompatible c:/mingw/bin/../lib/gcc/mingw32/4.6.1/../../../libmsvcrt.a when searching for -lmsvcrt
/usr/bin/ld: cannot find -lmsvcrt
/usr/bin/ld: skipping incompatible c:/mingw/bin/../lib/gcc/mingw32/4.6.1/libquadmath.dll.a when searching for -lquadmath
/usr/bin/ld: skipping incompatible c:/mingw/bin/../lib/gcc/mingw32/4.6.1/libquadmath.a when searching for -lquadmath
/usr/bin/ld: skipping incompatible c:/mingw/bin/../lib/gcc/mingw32/4.6.1/libquadmath.a when searching for -lquadmath
/usr/bin/ld: skipping incompatible c:/mingw/bin/../lib/gcc/mingw32/4.6.1/../../../libm.a when searching for -lm
/usr/bin/ld: skipping incompatible c:/mingw/bin/../lib/gcc/mingw32/4.6.1/../../../libm.a when searching for -lm
/usr/bin/ld: skipping incompatible c:/mingw/bin/../lib/gcc/mingw32/4.6.1/../../../libadvapi32.a when searching for -ladvapi32
/usr/bin/ld: skipping incompatible c:/mingw/bin/../lib/gcc/mingw32/4.6.1/../../../libadvapi32.a when searching for -ladvapi32
/usr/bin/ld: skipping incompatible c:/mingw/bin/../lib/gcc/mingw32/4.6.1/../../../libshell32.a when searching for -lshell32
/usr/bin/ld: skipping incompatible c:/mingw/bin/../lib/gcc/mingw32/4.6.1/../../../libshell32.a when searching for -lshell32
/usr/bin/ld: skipping incompatible c:/mingw/bin/../lib/gcc/mingw32/4.6.1/../../../libuser32.a when searching for -luser32
/usr/bin/ld: skipping incompatible c:/mingw/bin/../lib/gcc/mingw32/4.6.1/../../../libuser32.a when searching for -luser32
/usr/bin/ld: skipping incompatible c:/mingw/bin/../lib/gcc/mingw32/4.6.1/libgcc_s.a when searching for -lgcc_s
/usr/bin/ld: skipping incompatible c:/mingw/bin/../lib/gcc/mingw32/4.6.1/libgcc_s.a when searching for -lgcc_s
/usr/bin/ld: skipping incompatible c:/mingw/bin/../lib/gcc/mingw32/4.6.1/libgcc.a when searching for -lgcc
/usr/bin/ld: skipping incompatible c:/mingw/bin/../lib/gcc/mingw32/4.6.1/libgcc.a when searching for -lgcc
/usr/bin/ld: skipping incompatible c:/mingw/bin/../lib/gcc/mingw32/4.6.1/../../../libadvapi32.a when searching for -ladvapi32
/usr/bin/ld: skipping incompatible c:/mingw/bin/../lib/gcc/mingw32/4.6.1/../../../libadvapi32.a when searching for -ladvapi32
/usr/bin/ld: skipping incompatible c:/mingw/bin/../lib/gcc/mingw32/4.6.1/../../../libshell32.a when searching for -lshell32
/usr/bin/ld: skipping incompatible c:/mingw/bin/../lib/gcc/mingw32/4.6.1/../../../libshell32.a when searching for -lshell32
/usr/bin/ld: skipping incompatible c:/mingw/bin/../lib/gcc/mingw32/4.6.1/../../../libuser32.a when searching for -luser32
/usr/bin/ld: skipping incompatible c:/mingw/bin/../lib/gcc/mingw32/4.6.1/../../../libuser32.a when searching for -luser32
/usr/bin/ld: skipping incompatible c:/mingw/bin/../lib/gcc/mingw32/4.6.1/../../../libkernel32.a when searching for -lkernel32
/usr/bin/ld: skipping incompatible c:/mingw/bin/../lib/gcc/mingw32/4.6.1/../../../libkernel32.a when searching for -lkernel32
/usr/bin/ld: skipping incompatible c:/mingw/bin/../lib/gcc/mingw32/4.6.1/libgcc_s.a when searching for -lgcc_s
/usr/bin/ld: skipping incompatible c:/mingw/bin/../lib/gcc/mingw32/4.6.1/libgcc_s.a when searching for -lgcc_s
/usr/bin/ld: skipping incompatible c:/mingw/bin/../lib/gcc/mingw32/4.6.1/libgcc.a when searching for -lgcc
/usr/bin/ld: skipping incompatible c:/mingw/bin/../lib/gcc/mingw32/4.6.1/libgcc.a when searching for -lgcc
collect2: error: ld returned 1 exit status
configure:4909: $? = 1
configure: failed program was:
| /* confdefs.h */
| #define PACKAGE_NAME "hsl_ma97"
| #define PACKAGE_TARNAME "hsl_ma97"
| #define PACKAGE_VERSION "2.3.0"
| #define PACKAGE_STRING "hsl_ma97 2.3.0"
| #define PACKAGE_BUGREPORT "hsl@stfc.ac.uk"
| #define PACKAGE_URL ""
| #define PACKAGE "hsl_ma97"
| #define VERSION "2.3.0"
| /* end confdefs.h.  */
| #define F77_DUMMY_MAIN MAIN
| #ifdef F77_DUMMY_MAIN
| 
| #  ifdef __cplusplus
|      extern "C"
| #  endif
|    int F77_DUMMY_MAIN() { return 1; }
| 
| #endif
| int
| main ()
| {
| 
|   ;
|   return 0;
| }
configure:4909: gcc -o conftest.exe -g -O2   conftest.c   -Lc:/mingw/bin/../lib/gcc/mingw32/4.6.1 -Lc:/mingw/bin/../lib/gcc -Lc:/mingw/bin/../lib/gcc/mingw32/4.6.1/../../../../mingw32/lib -Lc:/mingw/bin/../lib/gcc/mingw32/4.6.1/../../.. -L/mingw/lib -lgfortran -lmingw32 -lmoldname -lmingwex -lmsvcrt -lquadmath -lm -ladvapi32 -lshell32 -luser32 >&5
/usr/bin/ld: skipping incompatible c:/mingw/bin/../lib/gcc/mingw32/4.6.1/libgfortran.dll.a when searching for -lgfortran
/usr/bin/ld: skipping incompatible c:/mingw/bin/../lib/gcc/mingw32/4.6.1/libgfortran.a when searching for -lgfortran
/usr/bin/ld: skipping incompatible c:/mingw/bin/../lib/gcc/mingw32/4.6.1/libgfortran.a when searching for -lgfortran
/usr/bin/ld: skipping incompatible c:/mingw/bin/../lib/gcc/mingw32/4.6.1/libgfortran.dll.a when searching for -lgfortran
/usr/bin/ld: skipping incompatible c:/mingw/bin/../lib/gcc/mingw32/4.6.1/libgfortran.a when searching for -lgfortran
/usr/bin/ld: cannot find -lgfortran
/usr/bin/ld: skipping incompatible c:/mingw/bin/../lib/gcc/mingw32/4.6.1/../../../libmingw32.a when searching for -lmingw32
/usr/bin/ld: skipping incompatible c:/mingw/bin/../lib/gcc/mingw32/4.6.1/../../../libmingw32.a when searching for -lmingw32
/usr/bin/ld: skipping incompatible c:/mingw/bin/../lib/gcc/mingw32/4.6.1/../../../libmingw32.a when searching for -lmingw32
/usr/bin/ld: cannot find -lmingw32
/usr/bin/ld: skipping incompatible c:/mingw/bin/../lib/gcc/mingw32/4.6.1/../../../libmoldname.a when searching for -lmoldname
/usr/bin/ld: skipping incompatible c:/mingw/bin/../lib/gcc/mingw32/4.6.1/../../../libmoldname.a when searching for -lmoldname
/usr/bin/ld: skipping incompatible c:/mingw/bin/../lib/gcc/mingw32/4.6.1/../../../libmoldname.a when searching for -lmoldname
/usr/bin/ld: cannot find -lmoldname
/usr/bin/ld: skipping incompatible c:/mingw/bin/../lib/gcc/mingw32/4.6.1/../../../libmingwex.a when searching for -lmingwex
/usr/bin/ld: skipping incompatible c:/mingw/bin/../lib/gcc/mingw32/4.6.1/../../../libmingwex.a when searching for -lmingwex
/usr/bin/ld: skipping incompatible c:/mingw/bin/../lib/gcc/mingw32/4.6.1/../../../libmingwex.a when searching for -lmingwex
/usr/bin/ld: cannot find -lmingwex
/usr/bin/ld: skipping incompatible c:/mingw/bin/../lib/gcc/mingw32/4.6.1/../../../libmsvcrt.a when searching for -lmsvcrt
/usr/bin/ld: skipping incompatible c:/mingw/bin/../lib/gcc/mingw32/4.6.1/../../../libmsvcrt.a when searching for -lmsvcrt
/usr/bin/ld: skipping incompatible c:/mingw/bin/../lib/gcc/mingw32/4.6.1/../../../libmsvcrt.a when searching for -lmsvcrt
/usr/bin/ld: cannot find -lmsvcrt
/usr/bin/ld: skipping incompatible c:/mingw/bin/../lib/gcc/mingw32/4.6.1/libquadmath.dll.a when searching for -lquadmath
/usr/bin/ld: skipping incompatible c:/mingw/bin/../lib/gcc/mingw32/4.6.1/libquadmath.a when searching for -lquadmath
/usr/bin/ld: skipping incompatible c:/mingw/bin/../lib/gcc/mingw32/4.6.1/libquadmath.a when searching for -lquadmath
/usr/bin/ld: skipping incompatible c:/mingw/bin/../lib/gcc/mingw32/4.6.1/../../../libm.a when searching for -lm
/usr/bin/ld: skipping incompatible c:/mingw/bin/../lib/gcc/mingw32/4.6.1/../../../libm.a when searching for -lm
/usr/bin/ld: skipping incompatible c:/mingw/bin/../lib/gcc/mingw32/4.6.1/../../../libadvapi32.a when searching for -ladvapi32
/usr/bin/ld: skipping incompatible c:/mingw/bin/../lib/gcc/mingw32/4.6.1/../../../libadvapi32.a when searching for -ladvapi32
/usr/bin/ld: skipping incompatible c:/mingw/bin/../lib/gcc/mingw32/4.6.1/../../../libshell32.a when searching for -lshell32
/usr/bin/ld: skipping incompatible c:/mingw/bin/../lib/gcc/mingw32/4.6.1/../../../libshell32.a when searching for -lshell32
/usr/bin/ld: skipping incompatible c:/mingw/bin/../lib/gcc/mingw32/4.6.1/../../../libuser32.a when searching for -luser32
/usr/bin/ld: skipping incompatible c:/mingw/bin/../lib/gcc/mingw32/4.6.1/../../../libuser32.a when searching for -luser32
/usr/bin/ld: skipping incompatible c:/mingw/bin/../lib/gcc/mingw32/4.6.1/libgcc_s.a when searching for -lgcc_s
/usr/bin/ld: skipping incompatible c:/mingw/bin/../lib/gcc/mingw32/4.6.1/libgcc_s.a when searching for -lgcc_s
/usr/bin/ld: skipping incompatible c:/mingw/bin/../lib/gcc/mingw32/4.6.1/libgcc.a when searching for -lgcc
/usr/bin/ld: skipping incompatible c:/mingw/bin/../lib/gcc/mingw32/4.6.1/libgcc.a when searching for -lgcc
/usr/bin/ld: skipping incompatible c:/mingw/bin/../lib/gcc/mingw32/4.6.1/../../../libadvapi32.a when searching for -ladvapi32
/usr/bin/ld: skipping incompatible c:/mingw/bin/../lib/gcc/mingw32/4.6.1/../../../libadvapi32.a when searching for -ladvapi32
/usr/bin/ld: skipping incompatible c:/mingw/bin/../lib/gcc/mingw32/4.6.1/../../../libshell32.a when searching for -lshell32
/usr/bin/ld: skipping incompatible c:/mingw/bin/../lib/gcc/mingw32/4.6.1/../../../libshell32.a when searching for -lshell32
/usr/bin/ld: skipping incompatible c:/mingw/bin/../lib/gcc/mingw32/4.6.1/../../../libuser32.a when searching for -luser32
/usr/bin/ld: skipping incompatible c:/mingw/bin/../lib/gcc/mingw32/4.6.1/../../../libuser32.a when searching for -luser32
/usr/bin/ld: skipping incompatible c:/mingw/bin/../lib/gcc/mingw32/4.6.1/../../../libkernel32.a when searching for -lkernel32
/usr/bin/ld: skipping incompatible c:/mingw/bin/../lib/gcc/mingw32/4.6.1/../../../libkernel32.a when searching for -lkernel32
/usr/bin/ld: skipping incompatible c:/mingw/bin/../lib/gcc/mingw32/4.6.1/libgcc_s.a when searching for -lgcc_s
/usr/bin/ld: skipping incompatible c:/mingw/bin/../lib/gcc/mingw32/4.6.1/libgcc_s.a when searching for -lgcc_s
/usr/bin/ld: skipping incompatible c:/mingw/bin/../lib/gcc/mingw32/4.6.1/libgcc.a when searching for -lgcc
/usr/bin/ld: skipping incompatible c:/mingw/bin/../lib/gcc/mingw32/4.6.1/libgcc.a when searching for -lgcc
collect2: error: ld returned 1 exit status
configure:4909: $? = 1
configure: failed program was:
| /* confdefs.h */
| #define PACKAGE_NAME "hsl_ma97"
| #define PACKAGE_TARNAME "hsl_ma97"
| #define PACKAGE_VERSION "2.3.0"
| #define PACKAGE_STRING "hsl_ma97 2.3.0"
| #define PACKAGE_BUGREPORT "hsl@stfc.ac.uk"
| #define PACKAGE_URL ""
| #define PACKAGE "hsl_ma97"
| #define VERSION "2.3.0"
| /* end confdefs.h.  */
| #define F77_DUMMY_MAIN _MAIN
| #ifdef F77_DUMMY_MAIN
| 
| #  ifdef __cplusplus
|      extern "C"
| #  endif
|    int F77_DUMMY_MAIN() { return 1; }
| 
| #endif
| int
| main ()
| {
| 
|   ;
|   return 0;
| }
configure:4909: gcc -o conftest.exe -g -O2   conftest.c   -Lc:/mingw/bin/../lib/gcc/mingw32/4.6.1 -Lc:/mingw/bin/../lib/gcc -Lc:/mingw/bin/../lib/gcc/mingw32/4.6.1/../../../../mingw32/lib -Lc:/mingw/bin/../lib/gcc/mingw32/4.6.1/../../.. -L/mingw/lib -lgfortran -lmingw32 -lmoldname -lmingwex -lmsvcrt -lquadmath -lm -ladvapi32 -lshell32 -luser32 >&5
/usr/bin/ld: skipping incompatible c:/mingw/bin/../lib/gcc/mingw32/4.6.1/libgfortran.dll.a when searching for -lgfortran
/usr/bin/ld: skipping incompatible c:/mingw/bin/../lib/gcc/mingw32/4.6.1/libgfortran.a when searching for -lgfortran
/usr/bin/ld: skipping incompatible c:/mingw/bin/../lib/gcc/mingw32/4.6.1/libgfortran.a when searching for -lgfortran
/usr/bin/ld: skipping incompatible c:/mingw/bin/../lib/gcc/mingw32/4.6.1/libgfortran.dll.a when searching for -lgfortran
/usr/bin/ld: skipping incompatible c:/mingw/bin/../lib/gcc/mingw32/4.6.1/libgfortran.a when searching for -lgfortran
/usr/bin/ld: cannot find -lgfortran
/usr/bin/ld: skipping incompatible c:/mingw/bin/../lib/gcc/mingw32/4.6.1/../../../libmingw32.a when searching for -lmingw32
/usr/bin/ld: skipping incompatible c:/mingw/bin/../lib/gcc/mingw32/4.6.1/../../../libmingw32.a when searching for -lmingw32
/usr/bin/ld: skipping incompatible c:/mingw/bin/../lib/gcc/mingw32/4.6.1/../../../libmingw32.a when searching for -lmingw32
/usr/bin/ld: cannot find -lmingw32
/usr/bin/ld: skipping incompatible c:/mingw/bin/../lib/gcc/mingw32/4.6.1/../../../libmoldname.a when searching for -lmoldname
/usr/bin/ld: skipping incompatible c:/mingw/bin/../lib/gcc/mingw32/4.6.1/../../../libmoldname.a when searching for -lmoldname
/usr/bin/ld: skipping incompatible c:/mingw/bin/../lib/gcc/mingw32/4.6.1/../../../libmoldname.a when searching for -lmoldname
/usr/bin/ld: cannot find -lmoldname
/usr/bin/ld: skipping incompatible c:/mingw/bin/../lib/gcc/mingw32/4.6.1/../../../libmingwex.a when searching for -lmingwex
/usr/bin/ld: skipping incompatible c:/mingw/bin/../lib/gcc/mingw32/4.6.1/../../../libmingwex.a when searching for -lmingwex
/usr/bin/ld: skipping incompatible c:/mingw/bin/../lib/gcc/mingw32/4.6.1/../../../libmingwex.a when searching for -lmingwex
/usr/bin/ld: cannot find -lmingwex
/usr/bin/ld: skipping incompatible c:/mingw/bin/../lib/gcc/mingw32/4.6.1/../../../libmsvcrt.a when searching for -lmsvcrt
/usr/bin/ld: skipping incompatible c:/mingw/bin/../lib/gcc/mingw32/4.6.1/../../../libmsvcrt.a when searching for -lmsvcrt
/usr/bin/ld: skipping incompatible c:/mingw/bin/../lib/gcc/mingw32/4.6.1/../../../libmsvcrt.a when searching for -lmsvcrt
/usr/bin/ld: cannot find -lmsvcrt
/usr/bin/ld: skipping incompatible c:/mingw/bin/../lib/gcc/mingw32/4.6.1/libquadmath.dll.a when searching for -lquadmath
/usr/bin/ld: skipping incompatible c:/mingw/bin/../lib/gcc/mingw32/4.6.1/libquadmath.a when searching for -lquadmath
/usr/bin/ld: skipping incompatible c:/mingw/bin/../lib/gcc/mingw32/4.6.1/libquadmath.a when searching for -lquadmath
/usr/bin/ld: skipping incompatible c:/mingw/bin/../lib/gcc/mingw32/4.6.1/../../../libm.a when searching for -lm
/usr/bin/ld: skipping incompatible c:/mingw/bin/../lib/gcc/mingw32/4.6.1/../../../libm.a when searching for -lm
/usr/bin/ld: skipping incompatible c:/mingw/bin/../lib/gcc/mingw32/4.6.1/../../../libadvapi32.a when searching for -ladvapi32
/usr/bin/ld: skipping incompatible c:/mingw/bin/../lib/gcc/mingw32/4.6.1/../../../libadvapi32.a when searching for -ladvapi32
/usr/bin/ld: skipping incompatible c:/mingw/bin/../lib/gcc/mingw32/4.6.1/../../../libshell32.a when searching for -lshell32
/usr/bin/ld: skipping incompatible c:/mingw/bin/../lib/gcc/mingw32/4.6.1/../../../libshell32.a when searching for -lshell32
/usr/bin/ld: skipping incompatible c:/mingw/bin/../lib/gcc/mingw32/4.6.1/../../../libuser32.a when searching for -luser32
/usr/bin/ld: skipping incompatible c:/mingw/bin/../lib/gcc/mingw32/4.6.1/../../../libuser32.a when searching for -luser32
/usr/bin/ld: skipping incompatible c:/mingw/bin/../lib/gcc/mingw32/4.6.1/libgcc_s.a when searching for -lgcc_s
/usr/bin/ld: skipping incompatible c:/mingw/bin/../lib/gcc/mingw32/4.6.1/libgcc_s.a when searching for -lgcc_s
/usr/bin/ld: skipping incompatible c:/mingw/bin/../lib/gcc/mingw32/4.6.1/libgcc.a when searching for -lgcc
/usr/bin/ld: skipping incompatible c:/mingw/bin/../lib/gcc/mingw32/4.6.1/libgcc.a when searching for -lgcc
/usr/bin/ld: skipping incompatible c:/mingw/bin/../lib/gcc/mingw32/4.6.1/../../../libadvapi32.a when searching for -ladvapi32
/usr/bin/ld: skipping incompatible c:/mingw/bin/../lib/gcc/mingw32/4.6.1/../../../libadvapi32.a when searching for -ladvapi32
/usr/bin/ld: skipping incompatible c:/mingw/bin/../lib/gcc/mingw32/4.6.1/../../../libshell32.a when searching for -lshell32
/usr/bin/ld: skipping incompatible c:/mingw/bin/../lib/gcc/mingw32/4.6.1/../../../libshell32.a when searching for -lshell32
/usr/bin/ld: skipping incompatible c:/mingw/bin/../lib/gcc/mingw32/4.6.1/../../../libuser32.a when searching for -luser32
/usr/bin/ld: skipping incompatible c:/mingw/bin/../lib/gcc/mingw32/4.6.1/../../../libuser32.a when searching for -luser32
/usr/bin/ld: skipping incompatible c:/mingw/bin/../lib/gcc/mingw32/4.6.1/../../../libkernel32.a when searching for -lkernel32
/usr/bin/ld: skipping incompatible c:/mingw/bin/../lib/gcc/mingw32/4.6.1/../../../libkernel32.a when searching for -lkernel32
/usr/bin/ld: skipping incompatible c:/mingw/bin/../lib/gcc/mingw32/4.6.1/libgcc_s.a when searching for -lgcc_s
/usr/bin/ld: skipping incompatible c:/mingw/bin/../lib/gcc/mingw32/4.6.1/libgcc_s.a when searching for -lgcc_s
/usr/bin/ld: skipping incompatible c:/mingw/bin/../lib/gcc/mingw32/4.6.1/libgcc.a when searching for -lgcc
/usr/bin/ld: skipping incompatible c:/mingw/bin/../lib/gcc/mingw32/4.6.1/libgcc.a when searching for -lgcc
collect2: error: ld returned 1 exit status
configure:4909: $? = 1
configure: failed program was:
| /* confdefs.h */
| #define PACKAGE_NAME "hsl_ma97"
| #define PACKAGE_TARNAME "hsl_ma97"
| #define PACKAGE_VERSION "2.3.0"
| #define PACKAGE_STRING "hsl_ma97 2.3.0"
| #define PACKAGE_BUGREPORT "hsl@stfc.ac.uk"
| #define PACKAGE_URL ""
| #define PACKAGE "hsl_ma97"
| #define VERSION "2.3.0"
| /* end confdefs.h.  */
| #define F77_DUMMY_MAIN __MAIN
| #ifdef F77_DUMMY_MAIN
| 
| #  ifdef __cplusplus
|      extern "C"
| #  endif
|    int F77_DUMMY_MAIN() { return 1; }
| 
| #endif
| int
| main ()
| {
| 
|   ;
|   return 0;
| }
configure:4909: gcc -o conftest.exe -g -O2   conftest.c   -Lc:/mingw/bin/../lib/gcc/mingw32/4.6.1 -Lc:/mingw/bin/../lib/gcc -Lc:/mingw/bin/../lib/gcc/mingw32/4.6.1/../../../../mingw32/lib -Lc:/mingw/bin/../lib/gcc/mingw32/4.6.1/../../.. -L/mingw/lib -lgfortran -lmingw32 -lmoldname -lmingwex -lmsvcrt -lquadmath -lm -ladvapi32 -lshell32 -luser32 >&5
/usr/bin/ld: skipping incompatible c:/mingw/bin/../lib/gcc/mingw32/4.6.1/libgfortran.dll.a when searching for -lgfortran
/usr/bin/ld: skipping incompatible c:/mingw/bin/../lib/gcc/mingw32/4.6.1/libgfortran.a when searching for -lgfortran
/usr/bin/ld: skipping incompatible c:/mingw/bin/../lib/gcc/mingw32/4.6.1/libgfortran.a when searching for -lgfortran
/usr/bin/ld: skipping incompatible c:/mingw/bin/../lib/gcc/mingw32/4.6.1/libgfortran.dll.a when searching for -lgfortran
/usr/bin/ld: skipping incompatible c:/mingw/bin/../lib/gcc/mingw32/4.6.1/libgfortran.a when searching for -lgfortran
/usr/bin/ld: cannot find -lgfortran
/usr/bin/ld: skipping incompatible c:/mingw/bin/../lib/gcc/mingw32/4.6.1/../../../libmingw32.a when searching for -lmingw32
/usr/bin/ld: skipping incompatible c:/mingw/bin/../lib/gcc/mingw32/4.6.1/../../../libmingw32.a when searching for -lmingw32
/usr/bin/ld: skipping incompatible c:/mingw/bin/../lib/gcc/mingw32/4.6.1/../../../libmingw32.a when searching for -lmingw32
/usr/bin/ld: cannot find -lmingw32
/usr/bin/ld: skipping incompatible c:/mingw/bin/../lib/gcc/mingw32/4.6.1/../../../libmoldname.a when searching for -lmoldname
/usr/bin/ld: skipping incompatible c:/mingw/bin/../lib/gcc/mingw32/4.6.1/../../../libmoldname.a when searching for -lmoldname
/usr/bin/ld: skipping incompatible c:/mingw/bin/../lib/gcc/mingw32/4.6.1/../../../libmoldname.a when searching for -lmoldname
/usr/bin/ld: cannot find -lmoldname
/usr/bin/ld: skipping incompatible c:/mingw/bin/../lib/gcc/mingw32/4.6.1/../../../libmingwex.a when searching for -lmingwex
/usr/bin/ld: skipping incompatible c:/mingw/bin/../lib/gcc/mingw32/4.6.1/../../../libmingwex.a when searching for -lmingwex
/usr/bin/ld: skipping incompatible c:/mingw/bin/../lib/gcc/mingw32/4.6.1/../../../libmingwex.a when searching for -lmingwex
/usr/bin/ld: cannot find -lmingwex
/usr/bin/ld: skipping incompatible c:/mingw/bin/../lib/gcc/mingw32/4.6.1/../../../libmsvcrt.a when searching for -lmsvcrt
/usr/bin/ld: skipping incompatible c:/mingw/bin/../lib/gcc/mingw32/4.6.1/../../../libmsvcrt.a when searching for -lmsvcrt
/usr/bin/ld: skipping incompatible c:/mingw/bin/../lib/gcc/mingw32/4.6.1/../../../libmsvcrt.a when searching for -lmsvcrt
/usr/bin/ld: cannot find -lmsvcrt
/usr/bin/ld: skipping incompatible c:/mingw/bin/../lib/gcc/mingw32/4.6.1/libquadmath.dll.a when searching for -lquadmath
/usr/bin/ld: skipping incompatible c:/mingw/bin/../lib/gcc/mingw32/4.6.1/libquadmath.a when searching for -lquadmath
/usr/bin/ld: skipping incompatible c:/mingw/bin/../lib/gcc/mingw32/4.6.1/libquadmath.a when searching for -lquadmath
/usr/bin/ld: skipping incompatible c:/mingw/bin/../lib/gcc/mingw32/4.6.1/../../../libm.a when searching for -lm
/usr/bin/ld: skipping incompatible c:/mingw/bin/../lib/gcc/mingw32/4.6.1/../../../libm.a when searching for -lm
/usr/bin/ld: skipping incompatible c:/mingw/bin/../lib/gcc/mingw32/4.6.1/../../../libadvapi32.a when searching for -ladvapi32
/usr/bin/ld: skipping incompatible c:/mingw/bin/../lib/gcc/mingw32/4.6.1/../../../libadvapi32.a when searching for -ladvapi32
/usr/bin/ld: skipping incompatible c:/mingw/bin/../lib/gcc/mingw32/4.6.1/../../../libshell32.a when searching for -lshell32
/usr/bin/ld: skipping incompatible c:/mingw/bin/../lib/gcc/mingw32/4.6.1/../../../libshell32.a when searching for -lshell32
/usr/bin/ld: skipping incompatible c:/mingw/bin/../lib/gcc/mingw32/4.6.1/../../../libuser32.a when searching for -luser32
/usr/bin/ld: skipping incompatible c:/mingw/bin/../lib/gcc/mingw32/4.6.1/../../../libuser32.a when searching for -luser32
/usr/bin/ld: skipping incompatible c:/mingw/bin/../lib/gcc/mingw32/4.6.1/libgcc_s.a when searching for -lgcc_s
/usr/bin/ld: skipping incompatible c:/mingw/bin/../lib/gcc/mingw32/4.6.1/libgcc_s.a when searching for -lgcc_s
/usr/bin/ld: skipping incompatible c:/mingw/bin/../lib/gcc/mingw32/4.6.1/libgcc.a when searching for -lgcc
/usr/bin/ld: skipping incompatible c:/mingw/bin/../lib/gcc/mingw32/4.6.1/libgcc.a when searching for -lgcc
/usr/bin/ld: skipping incompatible c:/mingw/bin/../lib/gcc/mingw32/4.6.1/../../../libadvapi32.a when searching for -ladvapi32
/usr/bin/ld: skipping incompatible c:/mingw/bin/../lib/gcc/mingw32/4.6.1/../../../libadvapi32.a when searching for -ladvapi32
/usr/bin/ld: skipping incompatible c:/mingw/bin/../lib/gcc/mingw32/4.6.1/../../../libshell32.a when searching for -lshell32
/usr/bin/ld: skipping incompatible c:/mingw/bin/../lib/gcc/mingw32/4.6.1/../../../libshell32.a when searching for -lshell32
/usr/bin/ld: skipping incompatible c:/mingw/bin/../lib/gcc/mingw32/4.6.1/../../../libuser32.a when searching for -luser32
/usr/bin/ld: skipping incompatible c:/mingw/bin/../lib/gcc/mingw32/4.6.1/../../../libuser32.a when searching for -luser32
/usr/bin/ld: skipping incompatible c:/mingw/bin/../lib/gcc/mingw32/4.6.1/../../../libkernel32.a when searching for -lkernel32
/usr/bin/ld: skipping incompatible c:/mingw/bin/../lib/gcc/mingw32/4.6.1/../../../libkernel32.a when searching for -lkernel32
/usr/bin/ld: skipping incompatible c:/mingw/bin/../lib/gcc/mingw32/4.6.1/libgcc_s.a when searching for -lgcc_s
/usr/bin/ld: skipping incompatible c:/mingw/bin/../lib/gcc/mingw32/4.6.1/libgcc_s.a when searching for -lgcc_s
/usr/bin/ld: skipping incompatible c:/mingw/bin/../lib/gcc/mingw32/4.6.1/libgcc.a when searching for -lgcc
/usr/bin/ld: skipping incompatible c:/mingw/bin/../lib/gcc/mingw32/4.6.1/libgcc.a when searching for -lgcc
collect2: error: ld returned 1 exit status
configure:4909: $? = 1
configure: failed program was:
| /* confdefs.h */
| #define PACKAGE_NAME "hsl_ma97"
| #define PACKAGE_TARNAME "hsl_ma97"
| #define PACKAGE_VERSION "2.3.0"
| #define PACKAGE_STRING "hsl_ma97 2.3.0"
| #define PACKAGE_BUGREPORT "hsl@stfc.ac.uk"
| #define PACKAGE_URL ""
| #define PACKAGE "hsl_ma97"
| #define VERSION "2.3.0"
| /* end confdefs.h.  */
| #define F77_DUMMY_MAIN main_
| #ifdef F77_DUMMY_MAIN
| 
| #  ifdef __cplusplus
|      extern "C"
| #  endif
|    int F77_DUMMY_MAIN() { return 1; }
| 
| #endif
| int
| main ()
| {
| 
|   ;
|   return 0;
| }
configure:4909: gcc -o conftest.exe -g -O2   conftest.c   -Lc:/mingw/bin/../lib/gcc/mingw32/4.6.1 -Lc:/mingw/bin/../lib/gcc -Lc:/mingw/bin/../lib/gcc/mingw32/4.6.1/../../../../mingw32/lib -Lc:/mingw/bin/../lib/gcc/mingw32/4.6.1/../../.. -L/mingw/lib -lgfortran -lmingw32 -lmoldname -lmingwex -lmsvcrt -lquadmath -lm -ladvapi32 -lshell32 -luser32 >&5
/usr/bin/ld: skipping incompatible c:/mingw/bin/../lib/gcc/mingw32/4.6.1/libgfortran.dll.a when searching for -lgfortran
/usr/bin/ld: skipping incompatible c:/mingw/bin/../lib/gcc/mingw32/4.6.1/libgfortran.a when searching for -lgfortran
/usr/bin/ld: skipping incompatible c:/mingw/bin/../lib/gcc/mingw32/4.6.1/libgfortran.a when searching for -lgfortran
/usr/bin/ld: skipping incompatible c:/mingw/bin/../lib/gcc/mingw32/4.6.1/libgfortran.dll.a when searching for -lgfortran
/usr/bin/ld: skipping incompatible c:/mingw/bin/../lib/gcc/mingw32/4.6.1/libgfortran.a when searching for -lgfortran
/usr/bin/ld: cannot find -lgfortran
/usr/bin/ld: skipping incompatible c:/mingw/bin/../lib/gcc/mingw32/4.6.1/../../../libmingw32.a when searching for -lmingw32
/usr/bin/ld: skipping incompatible c:/mingw/bin/../lib/gcc/mingw32/4.6.1/../../../libmingw32.a when searching for -lmingw32
/usr/bin/ld: skipping incompatible c:/mingw/bin/../lib/gcc/mingw32/4.6.1/../../../libmingw32.a when searching for -lmingw32
/usr/bin/ld: cannot find -lmingw32
/usr/bin/ld: skipping incompatible c:/mingw/bin/../lib/gcc/mingw32/4.6.1/../../../libmoldname.a when searching for -lmoldname
/usr/bin/ld: skipping incompatible c:/mingw/bin/../lib/gcc/mingw32/4.6.1/../../../libmoldname.a when searching for -lmoldname
/usr/bin/ld: skipping incompatible c:/mingw/bin/../lib/gcc/mingw32/4.6.1/../../../libmoldname.a when searching for -lmoldname
/usr/bin/ld: cannot find -lmoldname
/usr/bin/ld: skipping incompatible c:/mingw/bin/../lib/gcc/mingw32/4.6.1/../../../libmingwex.a when searching for -lmingwex
/usr/bin/ld: skipping incompatible c:/mingw/bin/../lib/gcc/mingw32/4.6.1/../../../libmingwex.a when searching for -lmingwex
/usr/bin/ld: skipping incompatible c:/mingw/bin/../lib/gcc/mingw32/4.6.1/../../../libmingwex.a when searching for -lmingwex
/usr/bin/ld: cannot find -lmingwex
/usr/bin/ld: skipping incompatible c:/mingw/bin/../lib/gcc/mingw32/4.6.1/../../../libmsvcrt.a when searching for -lmsvcrt
/usr/bin/ld: skipping incompatible c:/mingw/bin/../lib/gcc/mingw32/4.6.1/../../../libmsvcrt.a when searching for -lmsvcrt
/usr/bin/ld: skipping incompatible c:/mingw/bin/../lib/gcc/mingw32/4.6.1/../../../libmsvcrt.a when searching for -lmsvcrt
/usr/bin/ld: cannot find -lmsvcrt
/usr/bin/ld: skipping incompatible c:/mingw/bin/../lib/gcc/mingw32/4.6.1/libquadmath.dll.a when searching for -lquadmath
/usr/bin/ld: skipping incompatible c:/mingw/bin/../lib/gcc/mingw32/4.6.1/libquadmath.a when searching for -lquadmath
/usr/bin/ld: skipping incompatible c:/mingw/bin/../lib/gcc/mingw32/4.6.1/libquadmath.a when searching for -lquadmath
/usr/bin/ld: skipping incompatible c:/mingw/bin/../lib/gcc/mingw32/4.6.1/../../../libm.a when searching for -lm
/usr/bin/ld: skipping incompatible c:/mingw/bin/../lib/gcc/mingw32/4.6.1/../../../libm.a when searching for -lm
/usr/bin/ld: skipping incompatible c:/mingw/bin/../lib/gcc/mingw32/4.6.1/../../../libadvapi32.a when searching for -ladvapi32
/usr/bin/ld: skipping incompatible c:/mingw/bin/../lib/gcc/mingw32/4.6.1/../../../libadvapi32.a when searching for -ladvapi32
/usr/bin/ld: skipping incompatible c:/mingw/bin/../lib/gcc/mingw32/4.6.1/../../../libshell32.a when searching for -lshell32
/usr/bin/ld: skipping incompatible c:/mingw/bin/../lib/gcc/mingw32/4.6.1/../../../libshell32.a when searching for -lshell32
/usr/bin/ld: skipping incompatible c:/mingw/bin/../lib/gcc/mingw32/4.6.1/../../../libuser32.a when searching for -luser32
/usr/bin/ld: skipping incompatible c:/mingw/bin/../lib/gcc/mingw32/4.6.1/../../../libuser32.a when searching for -luser32
/usr/bin/ld: skipping incompatible c:/mingw/bin/../lib/gcc/mingw32/4.6.1/libgcc_s.a when searching for -lgcc_s
/usr/bin/ld: skipping incompatible c:/mingw/bin/../lib/gcc/mingw32/4.6.1/libgcc_s.a when searching for -lgcc_s
/usr/bin/ld: skipping incompatible c:/mingw/bin/../lib/gcc/mingw32/4.6.1/libgcc.a when searching for -lgcc
/usr/bin/ld: skipping incompatible c:/mingw/bin/../lib/gcc/mingw32/4.6.1/libgcc.a when searching for -lgcc
/usr/bin/ld: skipping incompatible c:/mingw/bin/../lib/gcc/mingw32/4.6.1/../../../libadvapi32.a when searching for -ladvapi32
/usr/bin/ld: skipping incompatible c:/mingw/bin/../lib/gcc/mingw32/4.6.1/../../../libadvapi32.a when searching for -ladvapi32
/usr/bin/ld: skipping incompatible c:/mingw/bin/../lib/gcc/mingw32/4.6.1/../../../libshell32.a when searching for -lshell32
/usr/bin/ld: skipping incompatible c:/mingw/bin/../lib/gcc/mingw32/4.6.1/../../../libshell32.a when searching for -lshell32
/usr/bin/ld: skipping incompatible c:/mingw/bin/../lib/gcc/mingw32/4.6.1/../../../libuser32.a when searching for -luser32
/usr/bin/ld: skipping incompatible c:/mingw/bin/../lib/gcc/mingw32/4.6.1/../../../libuser32.a when searching for -luser32
/usr/bin/ld: skipping incompatible c:/mingw/bin/../lib/gcc/mingw32/4.6.1/../../../libkernel32.a when searching for -lkernel32
/usr/bin/ld: skipping incompatible c:/mingw/bin/../lib/gcc/mingw32/4.6.1/../../../libkernel32.a when searching for -lkernel32
/usr/bin/ld: skipping incompatible c:/mingw/bin/../lib/gcc/mingw32/4.6.1/libgcc_s.a when searching for -lgcc_s
/usr/bin/ld: skipping incompatible c:/mingw/bin/../lib/gcc/mingw32/4.6.1/libgcc_s.a when searching for -lgcc_s
/usr/bin/ld: skipping incompatible c:/mingw/bin/../lib/gcc/mingw32/4.6.1/libgcc.a when searching for -lgcc
/usr/bin/ld: skipping incompatible c:/mingw/bin/../lib/gcc/mingw32/4.6.1/libgcc.a when searching for -lgcc
collect2: error: ld returned 1 exit status
configure:4909: $? = 1
configure: failed program was:
| /* confdefs.h */
| #define PACKAGE_NAME "hsl_ma97"
| #define PACKAGE_TARNAME "hsl_ma97"
| #define PACKAGE_VERSION "2.3.0"
| #define PACKAGE_STRING "hsl_ma97 2.3.0"
| #define PACKAGE_BUGREPORT "hsl@stfc.ac.uk"
| #define PACKAGE_URL ""
| #define PACKAGE "hsl_ma97"
| #define VERSION "2.3.0"
| /* end confdefs.h.  */
| #define F77_DUMMY_MAIN main__
| #ifdef F77_DUMMY_MAIN
| 
| #  ifdef __cplusplus
|      extern "C"
| #  endif
|    int F77_DUMMY_MAIN() { return 1; }
| 
| #endif
| int
| main ()
| {
| 
|   ;
|   return 0;
| }
configure:4909: gcc -o conftest.exe -g -O2   conftest.c   -Lc:/mingw/bin/../lib/gcc/mingw32/4.6.1 -Lc:/mingw/bin/../lib/gcc -Lc:/mingw/bin/../lib/gcc/mingw32/4.6.1/../../../../mingw32/lib -Lc:/mingw/bin/../lib/gcc/mingw32/4.6.1/../../.. -L/mingw/lib -lgfortran -lmingw32 -lmoldname -lmingwex -lmsvcrt -lquadmath -lm -ladvapi32 -lshell32 -luser32 >&5
/usr/bin/ld: skipping incompatible c:/mingw/bin/../lib/gcc/mingw32/4.6.1/libgfortran.dll.a when searching for -lgfortran
/usr/bin/ld: skipping incompatible c:/mingw/bin/../lib/gcc/mingw32/4.6.1/libgfortran.a when searching for -lgfortran
/usr/bin/ld: skipping incompatible c:/mingw/bin/../lib/gcc/mingw32/4.6.1/libgfortran.a when searching for -lgfortran
/usr/bin/ld: skipping incompatible c:/mingw/bin/../lib/gcc/mingw32/4.6.1/libgfortran.dll.a when searching for -lgfortran
/usr/bin/ld: skipping incompatible c:/mingw/bin/../lib/gcc/mingw32/4.6.1/libgfortran.a when searching for -lgfortran
/usr/bin/ld: cannot find -lgfortran
/usr/bin/ld: skipping incompatible c:/mingw/bin/../lib/gcc/mingw32/4.6.1/../../../libmingw32.a when searching for -lmingw32
/usr/bin/ld: skipping incompatible c:/mingw/bin/../lib/gcc/mingw32/4.6.1/../../../libmingw32.a when searching for -lmingw32
/usr/bin/ld: skipping incompatible c:/mingw/bin/../lib/gcc/mingw32/4.6.1/../../../libmingw32.a when searching for -lmingw32
/usr/bin/ld: cannot find -lmingw32
/usr/bin/ld: skipping incompatible c:/mingw/bin/../lib/gcc/mingw32/4.6.1/../../../libmoldname.a when searching for -lmoldname
/usr/bin/ld: skipping incompatible c:/mingw/bin/../lib/gcc/mingw32/4.6.1/../../../libmoldname.a when searching for -lmoldname
/usr/bin/ld: skipping incompatible c:/mingw/bin/../lib/gcc/mingw32/4.6.1/../../../libmoldname.a when searching for -lmoldname
/usr/bin/ld: cannot find -lmoldname
/usr/bin/ld: skipping incompatible c:/mingw/bin/../lib/gcc/mingw32/4.6.1/../../../libmingwex.a when searching for -lmingwex
/usr/bin/ld: skipping incompatible c:/mingw/bin/../lib/gcc/mingw32/4.6.1/../../../libmingwex.a when searching for -lmingwex
/usr/bin/ld: skipping incompatible c:/mingw/bin/../lib/gcc/mingw32/4.6.1/../../../libmingwex.a when searching for -lmingwex
/usr/bin/ld: cannot find -lmingwex
/usr/bin/ld: skipping incompatible c:/mingw/bin/../lib/gcc/mingw32/4.6.1/../../../libmsvcrt.a when searching for -lmsvcrt
/usr/bin/ld: skipping incompatible c:/mingw/bin/../lib/gcc/mingw32/4.6.1/../../../libmsvcrt.a when searching for -lmsvcrt
/usr/bin/ld: skipping incompatible c:/mingw/bin/../lib/gcc/mingw32/4.6.1/../../../libmsvcrt.a when searching for -lmsvcrt
/usr/bin/ld: cannot find -lmsvcrt
/usr/bin/ld: skipping incompatible c:/mingw/bin/../lib/gcc/mingw32/4.6.1/libquadmath.dll.a when searching for -lquadmath
/usr/bin/ld: skipping incompatible c:/mingw/bin/../lib/gcc/mingw32/4.6.1/libquadmath.a when searching for -lquadmath
/usr/bin/ld: skipping incompatible c:/mingw/bin/../lib/gcc/mingw32/4.6.1/libquadmath.a when searching for -lquadmath
/usr/bin/ld: skipping incompatible c:/mingw/bin/../lib/gcc/mingw32/4.6.1/../../../libm.a when searching for -lm
/usr/bin/ld: skipping incompatible c:/mingw/bin/../lib/gcc/mingw32/4.6.1/../../../libm.a when searching for -lm
/usr/bin/ld: skipping incompatible c:/mingw/bin/../lib/gcc/mingw32/4.6.1/../../../libadvapi32.a when searching for -ladvapi32
/usr/bin/ld: skipping incompatible c:/mingw/bin/../lib/gcc/mingw32/4.6.1/../../../libadvapi32.a when searching for -ladvapi32
/usr/bin/ld: skipping incompatible c:/mingw/bin/../lib/gcc/mingw32/4.6.1/../../../libshell32.a when searching for -lshell32
/usr/bin/ld: skipping incompatible c:/mingw/bin/../lib/gcc/mingw32/4.6.1/../../../libshell32.a when searching for -lshell32
/usr/bin/ld: skipping incompatible c:/mingw/bin/../lib/gcc/mingw32/4.6.1/../../../libuser32.a when searching for -luser32
/usr/bin/ld: skipping incompatible c:/mingw/bin/../lib/gcc/mingw32/4.6.1/../../../libuser32.a when searching for -luser32
/usr/bin/ld: skipping incompatible c:/mingw/bin/../lib/gcc/mingw32/4.6.1/libgcc_s.a when searching for -lgcc_s
/usr/bin/ld: skipping incompatible c:/mingw/bin/../lib/gcc/mingw32/4.6.1/libgcc_s.a when searching for -lgcc_s
/usr/bin/ld: skipping incompatible c:/mingw/bin/../lib/gcc/mingw32/4.6.1/libgcc.a when searching for -lgcc
/usr/bin/ld: skipping incompatible c:/mingw/bin/../lib/gcc/mingw32/4.6.1/libgcc.a when searching for -lgcc
/usr/bin/ld: skipping incompatible c:/mingw/bin/../lib/gcc/mingw32/4.6.1/../../../libadvapi32.a when searching for -ladvapi32
/usr/bin/ld: skipping incompatible c:/mingw/bin/../lib/gcc/mingw32/4.6.1/../../../libadvapi32.a when searching for -ladvapi32
/usr/bin/ld: skipping incompatible c:/mingw/bin/../lib/gcc/mingw32/4.6.1/../../../libshell32.a when searching for -lshell32
/usr/bin/ld: skipping incompatible c:/mingw/bin/../lib/gcc/mingw32/4.6.1/../../../libshell32.a when searching for -lshell32
/usr/bin/ld: skipping incompatible c:/mingw/bin/../lib/gcc/mingw32/4.6.1/../../../libuser32.a when searching for -luser32
/usr/bin/ld: skipping incompatible c:/mingw/bin/../lib/gcc/mingw32/4.6.1/../../../libuser32.a when searching for -luser32
/usr/bin/ld: skipping incompatible c:/mingw/bin/../lib/gcc/mingw32/4.6.1/../../../libkernel32.a when searching for -lkernel32
/usr/bin/ld: skipping incompatible c:/mingw/bin/../lib/gcc/mingw32/4.6.1/../../../libkernel32.a when searching for -lkernel32
/usr/bin/ld: skipping incompatible c:/mingw/bin/../lib/gcc/mingw32/4.6.1/libgcc_s.a when searching for -lgcc_s
/usr/bin/ld: skipping incompatible c:/mingw/bin/../lib/gcc/mingw32/4.6.1/libgcc_s.a when searching for -lgcc_s
/usr/bin/ld: skipping incompatible c:/mingw/bin/../lib/gcc/mingw32/4.6.1/libgcc.a when searching for -lgcc
/usr/bin/ld: skipping incompatible c:/mingw/bin/../lib/gcc/mingw32/4.6.1/libgcc.a when searching for -lgcc
collect2: error: ld returned 1 exit status
configure:4909: $? = 1
configure: failed program was:
| /* confdefs.h */
| #define PACKAGE_NAME "hsl_ma97"
| #define PACKAGE_TARNAME "hsl_ma97"
| #define PACKAGE_VERSION "2.3.0"
| #define PACKAGE_STRING "hsl_ma97 2.3.0"
| #define PACKAGE_BUGREPORT "hsl@stfc.ac.uk"
| #define PACKAGE_URL ""
| #define PACKAGE "hsl_ma97"
| #define VERSION "2.3.0"
| /* end confdefs.h.  */
| #define F77_DUMMY_MAIN _main
| #ifdef F77_DUMMY_MAIN
| 
| #  ifdef __cplusplus
|      extern "C"
| #  endif
|    int F77_DUMMY_MAIN() { return 1; }
| 
| #endif
| int
| main ()
| {
| 
|   ;
|   return 0;
| }
configure:4925: result: unknown
configure:4942: error: in `/cygdrive/c/users/cmason01/documents/github/GRWorkspace/hsl_ma97-2.3.0':
configure:4944: error: linking to Fortran libraries from C fails
See `config.log' for more details

## ---------------- ##
## Cache variables. ##
## ---------------- ##

ac_cv_build=x86_64-unknown-cygwin
ac_cv_c_compiler_gnu=yes
ac_cv_env_CC_set=
ac_cv_env_CC_value=
ac_cv_env_CFLAGS_set=
ac_cv_env_CFLAGS_value=
ac_cv_env_CPPFLAGS_set=
ac_cv_env_CPPFLAGS_value=
ac_cv_env_F77_set=
ac_cv_env_F77_value=
ac_cv_env_FCFLAGS_set=
ac_cv_env_FCFLAGS_value=
ac_cv_env_FC_set=
ac_cv_env_FC_value=
ac_cv_env_FFLAGS_set=
ac_cv_env_FFLAGS_value=
ac_cv_env_LDFLAGS_set=
ac_cv_env_LDFLAGS_value=
ac_cv_env_LIBS_set=
ac_cv_env_LIBS_value=
ac_cv_env_build_alias_set=
ac_cv_env_build_alias_value=
ac_cv_env_host_alias_set=
ac_cv_env_host_alias_value=
ac_cv_env_target_alias_set=
ac_cv_env_target_alias_value=
ac_cv_exeext=.exe
ac_cv_f77_compiler_gnu=yes
ac_cv_f77_dummy_main=unknown
ac_cv_f77_libs=' -Lc:/mingw/bin/../lib/gcc/mingw32/4.6.1 -Lc:/mingw/bin/../lib/gcc -Lc:/mingw/bin/../lib/gcc/mingw32/4.6.1/../../../../mingw32/lib -Lc:/mingw/bin/../lib/gcc/mingw32/4.6.1/../../.. -L/mingw/lib -lgfortran -lmingw32 -lmoldname -lmingwex -lmsvcrt -lquadmath -lm -ladvapi32 -lshell32 -luser32'
ac_cv_fc_compiler_gnu=yes
ac_cv_fc_libs=' -Lc:/mingw/bin/../lib/gcc/mingw32/4.6.1 -Lc:/mingw/bin/../lib/gcc -Lc:/mingw/bin/../lib/gcc/mingw32/4.6.1/../../../../mingw32/lib -Lc:/mingw/bin/../lib/gcc/mingw32/4.6.1/../../.. -L/mingw/lib -lgfortran -lmingw32 -lmoldname -lmingwex -lmsvcrt -lquadmath -lm -ladvapi32 -lshell32 -luser32'
ac_cv_fortran_dummy_main=unknown
ac_cv_host=x86_64-unknown-cygwin
ac_cv_objext=o
ac_cv_path_install='/usr/bin/install -c'
ac_cv_path_mkdir=/usr/bin/mkdir
ac_cv_prog_AWK=gawk
ac_cv_prog_ac_ct_CC=gcc
ac_cv_prog_ac_ct_F77=gfortran
ac_cv_prog_ac_ct_FC=gfortran
ac_cv_prog_ac_ct_RANLIB=ranlib
ac_cv_prog_cc_c89=
ac_cv_prog_cc_g=yes
ac_cv_prog_f77_g=yes
ac_cv_prog_f77_v=-v
ac_cv_prog_fc_g=yes
ac_cv_prog_fc_v=-v
ac_cv_prog_make_make_set=yes
am_cv_CC_dependencies_compiler_type=gcc3
ax_cv_f90_modflag='not found'

## ----------------- ##
## Output variables. ##
## ----------------- ##

ACLOCAL='${SHELL} /cygdrive/c/users/cmason01/documents/github/GRWorkspace/hsl_ma97-2.3.0/missing --run aclocal-1.11'
AMDEPBACKSLASH='\'
AMDEP_FALSE='#'
AMDEP_TRUE=''
AMTAR='$${TAR-tar}'
AUTOCONF='${SHELL} /cygdrive/c/users/cmason01/documents/github/GRWorkspace/hsl_ma97-2.3.0/missing --run autoconf'
AUTOHEADER='${SHELL} /cygdrive/c/users/cmason01/documents/github/GRWorkspace/hsl_ma97-2.3.0/missing --run autoheader'
AUTOMAKE='${SHELL} /cygdrive/c/users/cmason01/documents/github/GRWorkspace/hsl_ma97-2.3.0/missing --run automake-1.11'
AWK='gawk'
BLAS_LIBS=''
CC='gcc'
CCDEPMODE='depmode=gcc3'
CFLAGS='-g -O2'
CPPFLAGS=''
CYGPATH_W='cygpath -w'
DEFS=''
DEPDIR='.deps'
ECHO_C=''
ECHO_N='-n'
ECHO_T=''
EXEEXT='.exe'
F77='gfortran'
FC='gfortran'
FCFLAGS='-g -O2'
FCLIBS=' -Lc:/mingw/bin/../lib/gcc/mingw32/4.6.1 -Lc:/mingw/bin/../lib/gcc -Lc:/mingw/bin/../lib/gcc/mingw32/4.6.1/../../../../mingw32/lib -Lc:/mingw/bin/../lib/gcc/mingw32/4.6.1/../../.. -L/mingw/lib -lgfortran -lmingw32 -lmoldname -lmingwex -lmsvcrt -lquadmath -lm -ladvapi32 -lshell32 -luser32'
FFLAGS='-g -O2'
FLIBS=' -Lc:/mingw/bin/../lib/gcc/mingw32/4.6.1 -Lc:/mingw/bin/../lib/gcc -Lc:/mingw/bin/../lib/gcc/mingw32/4.6.1/../../../../mingw32/lib -Lc:/mingw/bin/../lib/gcc/mingw32/4.6.1/../../.. -L/mingw/lib -lgfortran -lmingw32 -lmoldname -lmingwex -lmsvcrt -lquadmath -lm -ladvapi32 -lshell32 -luser32'
INSTALL_DATA='${INSTALL} -m 644'
INSTALL_PROGRAM='${INSTALL}'
INSTALL_SCRIPT='${INSTALL}'
INSTALL_STRIP_PROGRAM='$(install_sh) -c -s'
LAPACK_LIBS=''
LDFLAGS=''
LIBOBJS=''
LIBS=''
LTLIBOBJS=''
MAKEINFO='${SHELL} /cygdrive/c/users/cmason01/documents/github/GRWorkspace/hsl_ma97-2.3.0/missing --run makeinfo'
METIS_LIBS=''
MKDIR_P='/usr/bin/mkdir -p'
OBJEXT='o'
PACKAGE='hsl_ma97'
PACKAGE_BUGREPORT='hsl@stfc.ac.uk'
PACKAGE_NAME='hsl_ma97'
PACKAGE_STRING='hsl_ma97 2.3.0'
PACKAGE_TARNAME='hsl_ma97'
PACKAGE_URL=''
PACKAGE_VERSION='2.3.0'
PATH_SEPARATOR=':'
RANLIB='ranlib'
SET_MAKE=''
SHELL='/bin/sh'
STRIP=''
VERSION='2.3.0'
ac_ct_CC='gcc'
ac_ct_F77='gfortran'
ac_ct_FC='gfortran'
am__EXEEXT_FALSE=''
am__EXEEXT_TRUE=''
am__fastdepCC_FALSE='#'
am__fastdepCC_TRUE=''
am__include='include'
am__isrc=''
am__leading_dot='.'
am__nodep='_no'
am__quote=''
am__tar='$${TAR-tar} chof - "$$tardir"'
am__untar='$${TAR-tar} xf -'
bindir='${exec_prefix}/bin'
build='x86_64-unknown-cygwin'
build_alias=''
build_cpu='x86_64'
build_os='cygwin'
build_vendor='unknown'
datadir='${datarootdir}'
datarootdir='${prefix}/share'
docdir='${datarootdir}/doc/${PACKAGE_TARNAME}'
dvidir='${docdir}'
exec_prefix='NONE'
host='x86_64-unknown-cygwin'
host_alias=''
host_cpu='x86_64'
host_os='cygwin'
host_vendor='unknown'
htmldir='${docdir}'
includedir='${prefix}/include'
infodir='${datarootdir}/info'
install_sh='${SHELL} /cygdrive/c/users/cmason01/documents/github/GRWorkspace/hsl_ma97-2.3.0/install-sh'
libdir='${exec_prefix}/lib'
libexecdir='${exec_prefix}/libexec'
localedir='${datarootdir}/locale'
localstatedir='${prefix}/var'
mandir='${datarootdir}/man'
mkdir_p='/usr/bin/mkdir -p'
oldincludedir='/usr/include'
pdfdir='${docdir}'
prefix='$Userscmason01DocumentsGitHubGRWorkspacehsl_ma97-2.3.0'
program_transform_name='s,x,x,'
psdir='${docdir}'
sbindir='${exec_prefix}/sbin'
sharedstatedir='${prefix}/com'
sysconfdir='${prefix}/etc'
target_alias=''

## ----------- ##
## confdefs.h. ##
## ----------- ##

/* confdefs.h */
#define PACKAGE_NAME "hsl_ma97"
#define PACKAGE_TARNAME "hsl_ma97"
#define PACKAGE_VERSION "2.3.0"
#define PACKAGE_STRING "hsl_ma97 2.3.0"
#define PACKAGE_BUGREPORT "hsl@stfc.ac.uk"
#define PACKAGE_URL ""
#define PACKAGE "hsl_ma97"
#define VERSION "2.3.0"

configure: exit 1
